<?xml version="1.0" encoding="UTF-8"?>
<testsuite xmlns:xsi="http://www.w3.org/2001/XMLSchema-instance" xsi:noNamespaceSchemaLocation="https://maven.apache.org/surefire/maven-surefire-plugin/xsd/surefire-test-report-3.0.xsd" version="3.0" name="org.example.UUIDTest" time="0.107" tests="1" errors="0" skipped="0" failures="0">
  <properties>
[...]
</properties>
  <testcase name="testUuid" classname="org.example.UUIDTest" time="0.105">
    <system-out><![CDATA[f845137d-33c0-4505-bf0f-338c4ac22764
cfc7beb5-1d7a-43a0-8355-513cdfebafa1
25d6933e-e059-4e46-bf61-81521d7c24a4
47a88860-e28c-47a7-9ca8-794ffc496d5a
9d769b84-7e43-4177-bfcc-67bde499d040
e6c05ce9-4b87-4f96-8e77-60734f344051
9caef0e6-5137-444b-bff4-f0c7b67af9e2
e261d1fb-475c-47e7-8244-98a5b2fdb28d
5cc4fab4-3d7b-4eab-84be-f7b2eb01ac3f
4b52b598-5d97-4520-86b2-50b904e1dce4
84468bdd-b06d-4948-88f5-02d9c693f2be
4ca07f56-cce6-4e82-a686-f40b0e6aa2c1
cff8fcb2-e768-437a-9bb1-65f541963543
ffef8d2c-e47b-4c52-8ad9-f0aaddad2485
10a37f84-8ddc-41ea-9a59-a3fb91978c0d
31e60434-4073-4553-8a81-08435583b207
b22ffc77-2f25-41cc-b3a0-d3bf8341bf25
90f5ffd4-b739-48ff-a3fa-557cd935b0fc
a5ca7c52-f0ef-40a1-9641-6c7df7b240da
3844cb7a-a545-456a-9dc6-06aa675dc5f3
cb0ef358-950b-4d5d-97cc-830872698cd4
9c90dbbe-ee03-4e21-bb7b-f3a241d587d4
a54ede4d-dff5-4a2f-a421-416e0c78c0fc
e5777049-667a-4a52-9002-4351725b8889
7146f357-7c0c-4df7-8afa-d327b6cee79a
37fea01c-53a6-4da8-83b3-6f63507ec9f8
81b25761-736b-4c08-912d-a1a348cb3b0f
cb3f0f45-7f06-4a0f-9e3d-f7ccc098398d
75b19d2e-856c-4a74-95e4-8f45bb2020b3
21614c19-6684-4833-843e-95c67c24ece8
42b34059-b8f6-46d0-aa9a-08e2e6f67681
7e8d60ce-c814-4385-9dbc-a6de27527654
2c6caeb3-e75d-4cac-8d34-dce6f9f72e75
8edef9f8-4805-4ff1-9599-be4ae1c08715
e1a6dfd1-b9a5-455e-a9de-58aeb9f1c0de
e2d9404a-cda6-4fd1-8bb6-9cdf3da8418a
b17f3a57-34d4-4172-87cc-d6eee8ef02be
3fef92a2-e3c7-4a53-b49c-afb35ce58087
2b8dcfb7-1e9c-40f2-a486-5197c175208f
0045ee60-1f29-45d9-a46a-06451b3517b0
861bffaa-d7f8-4aee-8fe9-5112fa25eb20
b8b8dc41-0f60-452e-a245-6f8bfe5f2248
1e5e918b-0b1a-4f4f-b60f-e8814bc752f4
84547cde-6169-424a-bed7-16a7a03a5397
4576bab7-2b92-4149-b8f4-06f5537961ea
6457f15b-a35a-4aa6-9465-9c532df2586a
d77d40c1-1ffa-4379-a425-c161899e63a0
172073c2-a1cf-42b4-a22b-3e71b8a9c8c5
f7800659-14c6-4ad1-b9b0-46e0e7ca66ac
d794a306-82c0-4613-b918-f17522d08140
7db74087-61e7-4fbe-82fe-85fbadf8b0f7
cdd4753b-58b4-4e3b-963c-d7f509ac317c
10af7714-3810-4ac3-bc61-bc78d9c96314
5e481c4b-bd7f-4b33-a1d6-3ff7774ceb52
255db42c-f4bb-47a9-87fc-7c3d04727611
fceee605-3920-42f3-b7b2-6eccc66f7a82
3281c26c-5acb-4f8c-a859-0c3d96bbd9f2
951615c7-41ed-4254-a704-ae3c774f3986
8f509e24-1452-4f3c-ad4e-8ab33140e352
ddc5cc27-cd01-4ee2-afe5-37cf345c5726
a139788b-4532-4695-bdaf-d0e896fd1fb8
c8b05918-39e7-44a7-a97e-e7492ebe5e76
19d2e111-f55f-43ed-b9b9-03a13fd2c252
d4e747bc-313a-4722-80b9-4958770e0e38
93b71245-4f06-4e74-8b4b-d3a2be821f7a
eed85814-e7da-481b-81ac-a0dfca0e644f
ab28dc2a-20eb-401d-b0bb-538bd3d9d2f3
e9b08ac4-c3d6-43a5-8231-eab2beb3d71b
35f55231-8b16-49bb-93c6-988a7f845d92
4016ad4b-ed67-46b3-84c1-3d79adcb9856
9e44780a-ede6-4430-b056-2c8b9cd89acb
48333b8b-a5eb-4e30-984f-a69d2398ea0d
0af22ea0-0fa7-4489-ac32-dbdd43249859
ce2c3dbe-8f4c-4ea8-9299-337ccbc1d458
1ef37618-91d9-4774-b08f-0149a06d22f0
18f3f6d8-952a-4123-94bf-0cc07510e6a8
35606263-02ec-4539-b17c-d7f1a857ad7d
633c0206-7287-4567-a836-2817723b0ff2
5f560729-e6f3-4473-ad09-82310f15a031
f77e11be-d3f4-428e-a1fa-6bc8297a31dd
7512da95-0da2-4ea2-a362-251782408c32
ed706bba-eeef-4c16-8e68-ddbde617e0e6
60946d92-c9ef-4a8c-bd4f-6963c6cdcbbe
fa2c9a75-6d15-46a0-a5d0-dc3a1cbf3ae6
c9a3b932-0787-46ae-aee1-bb6ebe54bb33
a04a63bf-1f62-4188-b458-fa50350ee611
77bde19a-1c65-431c-b8eb-7f228306e378
385ee0c7-4f18-417d-9cad-6a162adabe56
2d3def77-7446-4795-9c04-bb5e761915c8
5c3e8916-fbe3-44e7-b3a6-134cec1ece01
055161c1-3d21-43ea-96e2-d0ed1934b672
3e68b73e-d0ee-4fcf-9d0d-b003db8fdf45
457b19f8-deda-4d61-9469-cdb539bb1752
fa33fc17-63dc-4f29-97a4-bdbb73952644
e3f24540-ab92-4398-9dcd-4711278a6361
cb46838c-0f47-4b19-a804-972a4bad0534
6c4bc9b9-2abb-48e9-9401-d0b3cbe2e4ec
f62f618d-e257-4e3e-af75-ecd1047a94f8
b04b3aed-c968-466f-b863-357cee03ca2c
74ac3a72-6fe0-4e98-ad92-c281bcc15a24
a8c8139d-2af7-443f-9fe6-5e3b198cd7a5
fa9bbe5a-e154-428b-aac8-7a4ab13ffda7
9e3b4255-8ad9-496d-8b51-8569370042b3
0486b15b-72c7-42e5-88f8-a2a8a901f260
53043f0a-11b7-4ba4-8a42-329cadc9645a
4b634b66-5f2f-40af-9711-dec779ca1c79
cae6cd26-b377-4302-a739-3d7f760a3a09
13572073-024a-47c3-902c-03454d2765cb
18a4a8db-c7d1-48a5-8ef2-fb17016d9d5f
26c45a82-d28f-4780-93ad-a90e327e131c
1a39a938-04fd-4983-b3db-c89dcc2c0cf3
4a56836e-9dbb-413e-bcf5-923825dbe91d
91cfbe8c-4145-4555-912f-fda65fb5bb44
dd9ba3d3-fe2b-4545-86ff-644fe6aaf4cd
70c803db-36ad-4e2b-94dd-894b6c4dc498
da4e871a-2c01-4fa1-b13d-4236cd14e321
793cc528-2d03-466b-80ee-e119f5d1e0a5
899bfb4e-5da5-4950-bbbb-e39b2ad57a37
0182e9fb-47a2-4830-b14c-ecd1303fd11f
88102456-3fff-4023-932d-55b4cab59a57
095ad87d-203c-4848-969d-f6d1b725f52f
d3e3f656-da65-4848-955e-76bb21211d5a
607d3a17-ad7d-47db-9086-7eb87d99e545
1d3655e1-4144-4a1c-ad88-483b55fe8cab
1e848a09-0b70-482c-b73c-da6149e06bbf
1877f218-920a-45e8-8c32-41ac5820ec05
5394674c-69af-47e1-8ba4-d25cb0a1f3d5
73b3dddd-c84f-4a6b-8a79-e17d9d80c5ad
92b5309c-1ae5-4da3-b621-941d042dde1a
372696a5-e158-4807-b9a6-7d349c6f50b8
dcf51409-c52a-47b4-88b1-3fc3c09024c2
5ed3abd4-e25d-4dfe-a187-5b41980d0e23
c40f89dd-3c13-4f70-907e-b760ec37a7db
2c929fe9-422f-4bd8-b4f1-c763adda3977
62ced788-0589-44d9-9ffb-46d2fc4db978
aca57fe8-3f3f-4e62-9b87-a2bf78b38992
e47e7a6c-57b5-4fca-9b8a-247f40b8e116
35d9cf09-4e8c-4d3f-b17c-6fb3516ebf83
3b105862-94d8-4bc4-ae25-df287e84ea03
86cfa132-9cdc-40e2-9fd7-e99b215cecc8
16f2b135-9cd7-4851-844c-5703ba5e9a8a
02faa870-2e15-4065-82da-54527ecd1d57
17e8616e-76cb-46b2-8b93-deb42d3f1a62
84e658b9-112c-4e3c-98ac-1962501eeb5a
7550338b-6116-4f96-b815-2534f32f1077
51c0b4ec-d26e-40dc-8058-793e6922e836
ae84d827-9027-40a9-b0e9-c2f4c1437816
2e391db1-f94a-4aff-b1dc-e3e1f89b3a4d
0ded8b71-6b70-4e9f-b55f-11862c2bc63e
feaf82dd-6435-4f62-9966-a95c90418c8b
608d22d0-2772-4f46-aeeb-d8bc08fe4896
1fe24f05-696b-4c9b-bf34-e2b9c5b2e34c
163782e1-1790-4487-9b7a-5a884fa5bca5
9ea9c731-497d-425c-a990-38a6420d0ea6
156df7d4-77a8-470b-800f-9bf7affabd13
54931a91-8610-409f-8fe7-2177a8b4d642
8dececcd-d84d-4635-bd03-7be7ea156d9b
17cc3f0d-518c-4932-8196-2d3d9c74ff62
5e2e7c02-288a-4d79-8e3e-cc9862a8821e
4a8a02fc-9160-4c5d-93f9-5f8d7091c5ab
84401f1f-a346-4d10-a7d1-3b646a7f89b4
4988266d-94ba-4465-9155-c4f06ec676a3
944a4f71-0508-4ea8-9dab-4c051aab4f43
87302a8b-657a-4844-8679-f07b201f0cef
3b17e602-9d4f-4c63-9331-12e6625bd9b3
4c34b5d0-860e-4c97-bc4f-5774d32e1596
eb592210-a8be-44fb-a599-0cdb9f7a11fb
400d6655-a4f1-442f-8f09-875610ae2370
1de95885-f34f-4172-b537-c70cf1a5e768
3979d3ea-67f3-435a-841e-880093b8036f
17dc2bbc-12e8-4738-8738-dff22fe6aa26
e2a5b10b-3d6b-43aa-adbc-94a51fdd81ac
4bb3dbeb-3bc0-4663-b82c-5b66871efc33
86458bc4-013c-45ee-a5b2-060de3769183
fdee2c26-3df3-43be-b596-98bbefecc380
0e8a3c4f-eef4-4414-a597-c1484e9c8266
59ba2c8f-69a0-4550-86e6-85dee09b39f5
242c66e5-3609-40d1-ba9e-604315f5bdf7
24c324d4-c84a-4f97-817a-f79f516c99ab
e012d2d8-5eb1-4b72-b139-43480c967fb5
1d4378e0-23d3-4a2b-b0e4-4b48e969580a
90cd15e9-96c5-493b-b5c9-2beecfd9d77a
0e98e8a7-a2ca-4535-bf78-411314615b20
9bcb4ebb-d270-4c85-9871-c9314ed5edb3
49d9dbe4-5ce5-4d19-839b-4eca093d32b5
f79db8be-29f4-4b4b-92ca-ca2872dbeda0
74cb5c28-68ee-432a-a9d1-3c141e7beea3
a9a47107-2a87-4629-87ee-63adcc24fb69
0019522a-c007-4592-89af-7276ee09922c
d5ce79c0-8972-45e1-bd32-bcf22482982f
4badfe2b-160b-49a7-9d70-36b4dc69e6e3
fffeb44b-05a4-4132-9c9c-780ca8b514cc
c5b46129-6224-4ea2-9e26-30308b8b2346
ca649cdf-e12d-428c-a9d5-1fad6408f442
25fb03dd-7d07-413d-b90d-64e2755cff59
a87cfd3b-110b-4d83-bff8-470b10a38e54
eb22bfdb-f6d7-4c1a-a61b-f35508b3af55
851d7822-4980-4517-9e3e-f44d68f47a23
13f1f183-1072-4c57-b562-46a84f2499f1
26456fec-1d57-41cc-9d27-e80a31dacd5a
3f0e8076-0f2f-4992-86c0-dcff04885765
f197af56-b5e3-4e8e-baa1-0a9bee96aae6
2464186f-7d18-4114-bc61-d32174b4d7f4
91ab35b6-94af-461a-a090-7577d0f5000c
251c2238-a2cf-4673-bb2b-c5c5d29eb697
bd397771-0308-4f75-a28a-042d8c1633c2
10ba274a-fc25-4f38-a648-b7e50bb303b7
23532218-ab64-434b-85a4-32c700cd2d8b
43f04058-1d7a-4473-8fd7-20aaa6c93410
6dfee088-02ec-49ff-a5f0-4eefa5024987
215c107a-189b-436c-82f9-c5b1795280ec
13aba9cd-b7be-4dde-8c9b-91bb8fb573d6
10564030-4f3c-4a59-ba64-044a44451856
e37f82d4-2bf2-487b-8f1a-963935ccd41f
735f5070-9b95-4ef2-af77-22110c42f2b6
9985aadb-5f01-4b29-8f6b-7d082b4d999d
7d24266e-05bd-4120-b314-388887ac1aef
96c3014c-1a8a-48d3-919b-df9c5e66469c
aec70a08-5638-45c7-a967-cbfef5490e0f
80d5d3a6-d2aa-4ae9-b9d0-1fea5bfa977f
d2439b72-b8e3-4087-85a5-f539924dc9e0
765a870e-8ae0-4ffb-90c2-d4bb49a16d3d
a151d035-210e-45f1-8851-8021733f5cc7
c808ac15-27d5-49b0-85b4-79a115e84e63
99329d28-3628-4455-a1f2-1b60eab4f490
05c403d3-38d1-4157-81dc-0c8ddac9b194
570d1d31-f2db-42e7-89c6-36f13d8d9ac6
4ac77449-1780-4609-9bd6-6fb1da85b9bb
e238caff-601d-441b-8740-e7382b90cd38
b9039d43-50bb-4cb7-8669-b4403d19f7cb
5714c170-2ee0-47ea-81a8-47ee2188f49e
a969a2e9-4de9-4bb9-b743-ca0cb0de4ad2
ae5394b5-32b4-4a2a-9fc3-36c505ca4593
dd68f65e-88f2-49a8-9184-9154b67f76dd
c5269421-3485-4adf-8700-9f4c5cebe3d2
2a90c31b-d208-4415-b47d-f09e17894f35
3cc5ac5e-19fb-4fb6-bac6-070d5830ad23
12676c4f-c143-4baf-bfeb-e50d5028a57c
7e27a9e8-9feb-4b84-a4ac-8a7c621cf67c
fea44bc5-6d2b-4535-ae0d-d587f61eaa63
4df24b8f-cf3c-412b-a6cb-d1751996190e
2f2ef38e-3ade-43b1-9a0b-0b43033573eb
998cad3d-09d6-4e9b-a4f6-38d1e85f1bb3
bb01e1d8-cd33-4f12-9d41-c969d968752d
9ff9016d-47c1-4ac8-af7f-c6cdc83b2575
5f479bee-a76f-4889-96d5-3b857bc873e5
b2951be3-a1ad-4c79-b8b8-52c394fccb9e
8686c2d5-9823-48ce-899e-64c9ec813a15
17d36788-7c68-41d8-88a5-b9f9694b8e35
e7bd4daa-42ed-4f2f-b064-15ac438d36d3
d396db75-e13d-455e-ac92-36c00f0a4257
e5f4efaa-e60f-4444-a2ca-22427fa2b672
4743e8b5-07a2-485d-b9f7-848d7625fe39
621578e2-6c13-48fd-99fa-24dac7f13e0c
958c1aea-b1c2-470a-ab70-ccb56293a8fe
7c500f38-b5fc-41f5-a048-2a0d1cb52fef
69a8dbc7-850e-48a2-adf5-34562d397816
a7cbc2a8-9f84-4e39-b8af-6fc3d29fc7bf
8e129531-fbd8-434f-b16b-a7a78cda3614
42f0b567-e24e-4d82-98e5-d2dc17785589
a91a11d2-f49a-4e35-90d0-b2c509dd5ad3
73d761a0-5881-456a-84dd-8f28ec7a4503
b25cb912-e631-467d-9b42-8bd2e5afa477
ce410e64-6cc1-47fe-b9d4-5771bb4284a1
ff39398c-ce7d-4c64-bede-a1d306362557
4f9fc630-d839-49c6-8f04-0a6ee12c19b7
54c71424-8efa-483f-99f1-f918927da19e
1fcf97f7-fbe6-42fb-a1fa-9fecbe2f2014
f427a80f-7670-47c9-80af-d405c9543e02
6117656c-fe14-4b41-964a-b8c42aba6548
cc67eba6-0d99-45c5-b24c-04ea7419564c
1d89ca98-f82c-41a4-8baa-2cefbe70e750
e644d5e8-8469-448d-a40f-a5e6c7959987
0046be5a-52cb-47e3-9a19-8d970c04483b
681d8380-2617-4323-a2f9-27bd0a1a303f
5f717d01-2ec3-4f46-ac48-fe5ce244e2fa
fdf03b9e-e263-4566-94ff-c1ee0d226863
4de521aa-f2d8-439a-afb0-2ad746480f4e
7456fb95-cccd-41c4-a403-3493c3ccebf4
fb26551a-5ff9-46f6-a0c1-5c36d351586f
cf0006e8-c1f5-4603-bf18-a3bdf915e6f5
d2d62c64-601d-4b4e-84f3-2d436844e363
13005537-a742-4764-bdd6-2286ce01f6b8
b0217a9f-f328-4f06-81ae-78f87de45596
372d9bd9-1778-455b-818f-f46012e90399
53c677d4-806a-4535-91ec-70bda3a98f24
3dcbf4cc-f886-4b95-bfd8-3272c72427d9
93523909-a055-4f14-8607-91294998fe3c
b4ad7ae8-f6fe-45ce-9fd7-1627ff5eaec0
7164b1b6-0594-4e39-a3a0-11db37c9e53b
15f90b8c-300c-444c-9cba-b709ec92d227
eaec2817-cd47-4a15-8039-44518bd4128c
063e715b-3de4-4703-b5c2-efbdb865f88f
acbc5724-ad5b-4f1c-831a-dceadac32421
90384a58-3e22-460c-9dc4-05578b6e261b
be11d55b-9ecf-4f88-acfd-53e29531d9a0
98b90067-6c2e-40b3-9546-b87599455a78
ccbd0c5c-04b3-4fad-a1d3-d9bfa4fab83b
43b76fa2-e033-42bd-b325-e9a2c9743320
2ab4e190-1f65-4074-8f1e-0cb4c830984c
e104a459-edd0-4489-b0f1-c496bbb15bef
2b85ae26-cda5-403c-a729-73f9d606d05f
a11ce6f1-bf45-4c36-9d98-978d4c6515ce
3f91512b-339e-49eb-a7c2-98c592cec7ca
b7c8537f-9575-4bc7-8e04-90d73d56e519
6bc57641-683a-4633-ae8d-82aafa989e2c
c45a192f-19ff-4984-969f-2838691dc3e6
e0dcb1f7-33f1-4a08-b265-da3ad6b5367d
1a3ba13c-08c8-49dc-9009-1783cd48437d
198afe31-dca5-4606-9f21-172426775b09
85e117aa-b4bc-497a-b5c9-da756e9ed377
f4046f52-8687-4107-8d2a-a396d08c98ec
1500500a-89b8-485a-b516-95b6fe2550c4
576e2fea-509f-4d08-9fce-52abaf8f85c7
cd727c5a-606e-4e39-a7dd-2a1b98159b67
7a7740ea-091f-4780-a81a-bcbdbfd4b8c8
221d9a26-14e5-48f5-9aef-04f7fcbb729c
5436a2db-7289-4ede-bf5b-371ae9dbf01f
0b11e80a-3b7c-4418-85e6-50243c0ef5af
086765c4-af6a-4e1a-b027-861fb762e63c
600b05f0-8038-4677-a9c1-eee34886d2f4
fcbda4b1-fca6-4ae0-bdf3-b8a40e8c2680
4d4c2404-9930-45b9-b5ee-6a03dbaf7cec
ec1e1c94-6a2f-4f7e-9e54-f7f11beb27fb
6a66e014-673d-42d4-a116-54845929c877
43d7104a-4c65-44b9-8cce-4d58bbd2b418
75879460-925a-4651-86c3-353d86c0bddc
b2c1c8ca-8bbf-4682-8e04-90e0d2198a0d
0f48d9c6-8f01-4518-8def-06b3e09ffb56
bf1abaee-039b-41a7-9cc0-f04202c80c51
c1cab622-38e2-4734-9539-66faa3ed466d
a63bec94-24ac-4d91-b5b6-5bf9958380c8
8701efbd-6174-4122-9d7e-786ddf95a6a1
4894925b-ad09-48a7-8d3a-5f6c05202a1a
185fffbe-99ee-4351-beb3-dc12240106e9
7005f969-0dc5-45f8-9ce4-296c975ef9f1
6f13dedb-d169-47c6-8e81-a609805c1d7a
f6a8c493-d67d-4782-9211-f284d5da2404
e1686b88-281e-4d43-ae3e-eca3fd6c926f
f85fd34d-2f19-4583-9055-5ab44a571bb8
fd71f523-1ad2-43b5-ace3-c044e78e4a58
52ccb8ee-800d-47fa-bcdf-1edc53822da6
c063432e-d94e-4949-b4b5-f48048eb66f5
ef12b4de-b5c4-473e-b74a-08429d37e365
81af87c0-4700-4a45-8377-58bdb9deee10
d80217ff-1769-435d-84da-268c0e7e60e5
5cfb0438-86ed-4cf4-b5af-b6b3f6d191f1
5e82c4c9-d602-4e7e-adfc-de389cf679f5
14bff6fe-43d8-41e3-86e0-299e16966ba0
7ba692f6-4383-4ce1-bb0a-594da2044fe5
8b152e06-03ee-4ca1-b511-2acbbb341f68
a0fbd266-c00f-4926-9ade-10ad934d4132
de7d3e89-2a1f-4219-a2cd-0ba86a401fc3
d5aa60c8-f036-4fac-bb79-fb4b9b6b279e
b13c0dd8-b60d-4898-b4ca-2d4e64163850
6eed08cf-b1ec-4b0e-920e-8eb5a4808336
ce52afc7-a4cf-49e9-bf1d-b2924b058a17
019fc649-4951-4652-ab51-60a3f33f0cfa
9019ffa0-0373-4d1a-a02b-13ed0c75b223
9419c8e1-2410-4001-a0d8-1baa24ee638e
ac094904-278a-49c7-a9a7-ee07434cbac1
61f235d1-a1f9-43ce-be87-4efa0a7eba20
2988e250-f377-4686-be43-4cb949cee109
759fcf49-5ba2-4421-9137-a59764c9d26d
c8e59fcf-1359-4f08-8957-a8de9d3b37af
d85cb32d-e452-4cc5-9eee-ea5682646525
ddc88da0-8b85-430a-b2a8-ac597a66efa1
c621abd6-8c17-4793-ac13-e4ddd28ccc29
311a79f8-1dc9-49b4-8a81-d70da6438de8
44287e67-0e89-4faa-8741-4b1d05f3174e
38808ede-0355-4f57-8821-1817b2103fc2
0aad1f06-4458-4a87-9a53-ec39b271e6a3
8ae5a1b4-b0e8-47e3-a7a7-2627a8ba3a62
6b0c526d-3728-420d-8c64-c4ef4dca88a0
6160d202-f7f1-431b-8ca6-658dc3180869
a949702e-1974-4ad1-a4c3-ef9f25e700a8
e9b912cf-ae72-4d11-9198-74fae294433f
ec4581b6-fc23-45e5-a54d-63ea7a2164f7
35be3f75-d2b4-4576-b1f1-f2225ecb1472
77756ec8-c62f-4e0b-9733-2755d35c7386
9cf7d99e-55a0-4b7b-b9f5-aa4696b20139
398b2299-9ca5-4abd-b949-b86873363cc1
a6c2db2c-6667-423c-a9d6-389246726c40
3abf7484-60c8-46ea-a824-71f598acbefb
6a1cf668-36a9-4e08-b03f-567a896290a6
bc3f1945-b9d5-4b02-b9e1-d1a083d9490f
74ce5e49-e8ed-44fc-b408-6435ed87dec9
31a7cabd-32fd-4661-8f70-29abe41e1a98
5b1b1135-7857-4364-a8f4-faf432ba3c22
78caf355-12b9-45f0-8a4f-a9d3d725ee72
4c056097-1629-4885-ab45-4f1c0c9b68ac
b8f143d9-e7e0-44c8-a570-b7fadcf7a31a
9b1ca337-6607-4f53-803b-2ad026a17dae
372a9144-5eef-42ae-8c45-1169cc437c0d
9a2b2490-ed03-4e80-b221-5de961af0fa4
e1fe82d7-d6f6-455b-905a-04b7852b782f
80678a2c-5b2b-425c-b97e-a696bb4c2973
a33490a0-dfa3-4d2f-96d7-5bda34dc20e5
c476101b-7642-41a9-a508-f9afaa3bc722
20cd0797-107f-4735-9604-601c1f65f611
b167e18f-3f7d-4252-aa06-0f904878ec81
df65fc03-2846-486d-ade6-4a8a984abc93
0653b2d4-3423-4311-ac1c-b98f578754ec
0c12d1ba-c257-4891-8b2b-dfd401b9c3b7
af0acfcb-b1b4-4104-9330-e7c6893640e2
2915ee69-80d7-49aa-a7cd-aeff4c78fb21
71179176-17f5-4445-b505-685ea6d6cb24
b683d199-f896-4586-bfdc-636cd888abd4
b8f6085f-2533-4e5a-a4e5-b16a224befb3
c7d7a5f8-2435-411d-8a1e-686e3049a328
2892d71c-486c-4df3-bd9f-543be76e2b58
8dbd087e-e91f-43f2-88ad-12ac90d157e5
c5bbec3d-efce-4eda-9647-1ce005b0987d
65af4349-acf2-4515-bf2f-2a0c2cab3ed8
d594a10f-cddc-4850-b299-a743869bdd6d
7001da34-e697-4c75-8562-05e307ab97b6
bd83cf92-657e-4993-b7c6-302264b80605
984e531b-aa51-4068-92b2-3e2089a1472f
89f05f4c-0ca0-4a2c-836d-128c86669315
a2197a3c-540c-4e0a-ab4b-e26da6ef4b03
dffa0825-f1f6-41fe-a388-9173bd99a6ce
4b6e869f-eec5-43f3-92c7-6eae63ce6185
c1aa6f71-7f14-4822-911c-fdb72fed87fe
ceb13a9f-70d2-418c-8b1c-224cc32c3d83
ccc4b764-9a23-40e8-afe3-3b6004652600
6d4d63ad-35e5-4311-b255-947f8b3ecbc9
a9ceea78-7cfe-4f6b-a8f5-7dc012829717
96926715-d4a8-41e2-9ec1-3fd3c4871e08
2eb4d710-91a0-40db-9217-f359e2469cb1
c79085b7-6853-415b-9594-de16e05019a8
33a68e60-d352-4d63-942d-3f18ae823d30
4df8d709-2be2-47c3-a33e-d4c32f067e78
17c04d9c-4fc0-4fdc-87f2-9184815a0d4f
ed0b5f94-ac2a-4a04-b129-760159003e9d
0c4cd5b3-09f0-4810-b586-5974fd34e80d
51babaee-aff7-4fe4-b9c1-21c63f0b640b
77ae0813-d611-4a7e-a98f-bb827024adef
cc4e7ae6-8f52-4aa0-91e5-414fe38f8536
b186ae4f-7d43-4d9c-909d-5b8334a4e6f0
18f622ce-7323-4ffc-9e0e-a9ec7da76e8e
b5264c7a-b383-464d-98c1-72974f3bcbad
a5149130-95a1-4ab6-99ab-9b1574964118
405fe0ca-3706-4e03-b665-e81f73ef6588
807a9be6-9cf9-4e63-a90d-1307fe1a5ade
44e1fd19-5b7d-421c-b7c4-a0f664118ce3
c3c2dfef-4fe9-418b-8b64-41bb49ac17b4
f22188c1-541e-43d8-91b2-14e92fb15602
46d2accc-73d0-44c1-aaa8-2eb887da67af
84683ce3-f863-4373-b28b-c836c2baba20
2cff95ae-ea5d-42eb-8837-9f850c9db636
e522bba3-001d-42d1-9668-684564779f03
79fdcef2-d507-477e-82dd-a323c748d572
5cef1bbb-4d7a-436d-bb66-483964fb577a
a6486584-87ba-4884-b0e6-06b1ecb2c94f
613a32f8-10e4-4aa7-aa57-58bf96b3be43
38513318-6d58-436c-9b97-de0e7c19d15a
5f88fdf8-383d-4fa6-a330-313794d31656
fcf93391-095d-454a-82ba-c2f659cd8527
d321efca-0547-4492-b6d3-11838202e8ae
57d67d7d-fbb6-4785-8cc4-bad6b827ba49
5821262d-943d-4394-aab4-02359b234b9f
7de26ee5-4ef0-423c-adec-f362ddeca1ee
cf3364a4-3a8c-4d69-9b7c-44ae05072164
c9b502eb-59f1-4910-820e-b9606899f5ca
eaf5463f-5fd0-4d9e-b264-115423904b69
665f031e-10d8-4d6d-a381-b4e5550252a5
33858510-08ef-4bd7-b001-0862e6728b4a
8ce8ae5a-1970-4c5b-a841-3921f2d80c4a
c52a8e80-676a-4ac1-872c-20af2752384e
b475f746-494b-4299-8f51-c0bd5ec7e263
a98272cd-723a-42fb-ab68-60e65663f4d3
e4b97514-683c-4e9a-a0c3-941bdb72f767
e3d7aa89-95da-42c6-bfd7-18e2d075000e
bd0b437e-7908-41cf-8c4c-a42d89968c94
a2f37413-f59e-4052-b3f6-052032ab62c6
a4fe6c6e-21b8-4f28-a7f9-4172eabd6714
9dc4c838-f481-43ef-b1c4-7332a3820d78
5940f90c-a687-4983-8054-45ef00db39e0
c82559e6-e30d-4542-bcce-a62519b0ac29
48db9abd-1b8e-47af-8480-490ab3cd057f
d1acedfc-c707-40c3-a261-bc8682042aeb
97f2c242-4f9a-4926-aa93-94339305921a
14e60bb9-94ca-40db-9e05-a4e7e35ae2c7
16405ec8-65a1-41c5-bd9c-0c1a3858f28e
6cf7ab10-3335-4f90-819a-833d7dc24ade
f85dc463-4aa1-41a9-9754-429868f2dede
55e9cdba-74bd-4dfd-8b3f-8cbe88a64304
bc9f66a3-cffc-4fde-8294-823142e2d745
77181c4f-bd11-407a-9d30-5991cdc26c4a
ef76c5f3-65b2-4b9f-98f0-5407891ac0ff
394fb920-3ec4-4de8-bf4e-cec4d310c229
0b77544d-fefb-4cb7-8f77-8bdd20a100bb
1bc9f37c-429c-436d-80bc-348e6f42b9a9
17030e91-3e80-4b81-9df9-0a7d1c6cdc09
09c13bc5-02af-4431-82ea-1783378ef7ac
7396ba57-0911-4c7f-b626-e579570a0e2b
d5e9ae89-475b-4793-acae-2083fc9b528d
945822c6-cb52-4c1f-9074-6797fe0efb0f
19db4557-1eb2-402a-9b1b-6c2493cc4e1d
205af8dc-7d25-4c97-9a40-a737b8cb7ed0
39de70c6-46dd-4057-8bf3-25eeedcd7b76
b54458be-578b-4b64-b4d9-730e0b45d448
1d2138ef-bb47-4441-92d2-e90266d8e5e0
c912bd2b-cec0-4b1c-980a-ae1d6ffaf675
79e8031d-2a1a-43f2-9e11-f9cbc7cc5a28
9120c2af-eafd-4b31-9855-a77c6482576e
951e5a67-23b1-4144-b4aa-e33e082afec7
97673705-8564-4438-93dc-b508afff2cdd
222a8687-8ad6-408c-b03a-90d686b24bc7
202e8909-2c5d-4e72-84aa-bdc1f9219bdd
ec4d7a62-efd4-4ebb-a06c-ff02d7b76bdc
2632b579-f23b-4537-ad4d-e2e7b25dc59b
bcc54b5d-91b2-47fd-81ed-8347f73049ef
80b2593a-b9e0-4362-a2c9-66f5119d8bb6
465a9022-f037-4193-817c-37dfd2699209
42869705-94ff-44dc-abbd-8a8b827ff93f
13373ea5-d43b-469f-9987-c90c9461145c
33b1c270-5da6-483e-94ca-9d08d910e5dd
be020919-dd03-4642-bdcd-c09e1eac67bd
8d9489f8-31f7-4d82-9eaf-5f4ed31d5ed0
1144f64a-6e53-4ced-b5de-4473216e232b
b6f16ca5-6c2b-456c-b73a-d2a4245af793
623e0b14-3474-4beb-a786-b5e03ba44f1d
fed6f790-b2c6-4dbf-b34c-458593736bcd
3f198953-daf0-4f54-ae54-068e89800d26
0fc448df-b8e7-471e-9a08-559b45941dd4
66c4229c-e412-4787-92fe-7b869b6b02b6
c862ce75-614e-4606-8e1e-a3e81aa446ae
a529d0e0-e187-4413-88a0-6865f8d579cf
76b875f6-935d-4475-8dd1-56a1ff981d8c
4beb97cb-bbdc-48a5-9656-ce66aacef8b9
d0a90982-18f5-4c51-9548-92abee18cebd
0920a265-9d7b-4466-95dd-6e7c88c6158a
476b758d-3091-45da-9831-070e8e516da9
8159c141-907a-42cd-b351-f2f36c0d04ce
b757a2fd-ef2e-4ba3-be4a-942ad06966f6
73de979f-879b-4520-8ac8-bbbdf80cf085
10f28420-3d6a-4191-9f3a-9f664b03d777
0cb625a2-935c-4bd7-8945-2a20ec788df6
681f1996-e6fe-4e31-b6a5-87e5b740c9b9
8a66030b-7e4d-4d78-ac22-4ba227e7a983
1ed2981c-b26f-458d-9aea-0383d9dfefad
2202c225-b404-4ad3-87fc-96184a6306c1
d68a528e-d25e-4e4d-91e9-86d763b5b387
26329e1c-c434-497d-9c4b-9e9ea6b8a61f
8cb11004-81c9-4549-b88b-cc46731b8f96
5f96c56c-1e22-42ea-820a-8f0ff16118d8
e20ba226-83ec-48ba-83fb-e055e045a506
83ef8253-83f4-453a-858b-d9699b06ba99
68fa4a7c-aa73-4c97-89b3-e8b79e7c7d5d
5c2e3df8-6f04-4d3a-b88a-73f535b347c1
3472cbe0-46de-474e-be24-fe30666fb9f5
6577f584-4e48-4514-b85d-fb946efae493
252c11f7-c7c3-4f55-8c79-303b5ccf90e7
e5b17fdf-c796-4528-b87a-f13fc5a360e1
205a8364-07be-4c8f-b482-5a270a95588b
0262d490-b1ea-4dbf-ba1c-30b332475bac
3d87d0ab-3f6d-4b95-9814-92b6dda2ee36
630e4dee-b80a-4b74-a4b5-5c4d746c8881
10d3314c-651d-4463-b100-3aa281b24e46
719711fd-3ee0-4870-92db-051513b584dc
63793997-4ade-43a5-a70c-391cd7c7df91
19cd3761-5810-4807-bc21-185dbadcd74e
e6e6a210-db2b-4cf3-b3d8-ed961492624b
fc0bfb53-4d52-4953-85dc-10330583f3e0
fa4df03d-0265-48ba-bd71-745e5b857a83
4c251a7c-53f2-4e68-b035-30777f6558ef
4172db8f-abfa-42cd-840a-989c687a3a1b
8a675e26-1870-4b83-97c8-3d2f2a167320
058e743d-5448-464f-9446-268207deac09
5cd73141-a742-4fad-a5a1-9684dcdfc9fa
95b16174-7f19-4ca1-9957-879b9c33fdd9
ebfae55b-3eef-4ad6-a858-7ced439498e2
406d11ff-c8f3-4b1c-a8ef-839891007d17
75112bf2-f3e5-4edb-8a51-f7e197a1c0a0
c978f5ae-a06b-4bc6-90a6-c7273f4d31be
1658e9be-56fe-414b-b107-19d2b8d4e3bc
1f00c1e2-40ca-444b-a2df-9d2b9eda5b15
70401a58-b346-42f9-90fc-1a4fac40dcf6
42a3640a-fb5d-4661-afa5-c98d85e1b24b
cfe559c4-15a2-4570-abc0-23b97cdcb092
b70e9a5c-3cba-4301-9f06-2621d0b75b8e
0a676076-894b-4e9f-9b4b-6a714609c302
6736e547-a486-4286-8495-733fb0470149
8e6cf05b-ffcc-46bd-ac49-d9535e0c1580
7299eb64-8ea3-453a-89c3-6fd518f401d0
da911ab4-f28b-4d22-9312-d1520c016811
080f375d-cff6-46af-9f83-85c1f2e06129
05717588-812f-4dc0-a155-6f80a674d358
ab8eb8d2-5e47-4e0c-b66d-cdd763f13059
ad127f28-7dcb-4e7c-9082-850406911d61
a3f0c439-b31d-4bfb-bcd3-f0fbef285371
d7391898-908e-45a5-b881-db5de6aa4794
2deddfb9-71ea-4e1f-9098-c0f1132898be
aafa0d7d-2682-4d5a-a3c1-4efffe6e19cb
09f1bf33-3057-40e8-b805-3e37a645195f
660b2648-75bd-4863-b4b7-5180fa8d6bfc
ec007f3b-b39e-4ce5-982d-4ba635f51df5
5da1caf6-dc97-47bc-af15-98b61fa21542
dafa5427-734a-4b0d-b86b-48fcb56be865
aabdc592-8081-48de-a876-5e508b075ab3
d1a49713-310f-48c6-bea3-dd735202f7ef
dd103d4e-73c7-4ef9-bd1c-9fba8402df00
8a7c9ff3-bd23-4102-b1d6-9ff45310ba84
c7329199-cc1e-4a21-bf93-99b8a57b62a8
7e107497-61fa-4ce0-91c2-5bc75a0fa04e
120b6502-f68b-40fc-ace0-772c85ac9f5e
6fe034a1-2211-4bd4-9e94-ad8b4c62fd2f
456acadd-65ca-49f9-9552-3c514e1cb345
530a82bb-4fb4-4367-82a6-aafbf979e639
a4db0f2f-4d28-40fc-bb93-4b9febbba981
54547c98-a8cb-4a7d-9609-05af2847b4dc
94c3d5b4-e7dd-4e69-b278-c7e434aecfd5
09f8c6d2-4560-4a28-a604-fe924314c33b
e8b9dfab-fc2c-486b-a9cc-2c4c4533c88c
ece55539-107e-47cd-bd15-96dee59dde0e
e0a4bae0-591e-4d65-9174-62745e4b85bc
e792b25f-ab51-4572-a6bf-8b6e415020ed
c59fdb16-7b3c-4252-bab1-8c8d3d653405
5fe56697-eebd-4aee-b815-e0847526ac3c
90877889-6ec7-4f8c-b579-c4d6787e841e
b643d404-30ac-4c39-8ed3-77fd3c2f25ce
3e08a378-67ee-4d72-b348-4831088cc998
9afa929d-c908-4fcb-ab68-956517124eae
9e96592b-e14b-45b6-bbfa-4a7d745b4e81
0852a300-803d-4a8e-a215-4d95ba533dc3
ce7c829b-4a0b-4a68-9b8e-daa57bbe6180
47466f45-60eb-4f52-bdc7-fba964278030
74e1eefb-da0c-427e-994b-89d160fedca7
c160b3fb-c186-4f77-a8a8-330b87dea97a
3272dfc7-5669-43b3-a292-0a69f446de0a
7b93375e-6e2f-45ff-9931-0013978528ed
47e9115f-590d-4f97-8ec8-e22d6521a547
6856de11-59a6-466e-9238-91ed1ed4a265
dce8d66c-11ac-4178-8cbd-7f3e7e7f3c50
a2172c22-29fd-4d48-b8d1-f7e5fd89f189
01612b9b-1b75-45c6-b4d8-b97f11c37307
c4bae7c2-72bb-4d1a-a5ba-d8725e7adf8a
82b5da39-c71f-475c-9495-a21f98834080
4760ea43-a620-4b24-9aec-bd75ff18b364
af1a43f6-740b-4957-ad0c-3fdc13eee4ad
ebdb4737-94cc-4a6e-acb9-1731bd81bfdf
2cba10e9-4fba-400c-a145-510736e8563d
2f79213c-8875-4344-86e9-3a95442b0323
0cc80bb5-5122-4dc8-b73a-84787f80d025
182cf685-c340-47e3-b427-d0d192c334dc
139962ee-c4b8-4c50-a9a8-49f9167e2dbe
3b735f87-14a5-4c0d-8db7-dfcaf23b5cf7
38a7f38d-6d07-4576-8e9c-ab4126c5a3f0
96b8298f-2c93-4592-aeb8-74a5b69cab3e
2aebac3a-b949-4b94-861d-05cee01e1cb3
1e546e63-59c5-4de8-9bf1-332bea610d30
095f7129-a5ff-4aa2-b330-95d9c8536ab9
e3541795-2acd-49f3-b294-b3dceb6879a1
fc7bddda-0c69-4f8f-909e-83278cc28b9f
7d7e3ec1-de99-41ce-a57b-da1c6c41804b
0d43d5b2-702c-48eb-b390-88e75049b9b5
7e378234-3af7-4b9b-bbf4-ef35c0711040
79f61af4-cd72-4d74-8932-9bdb2e245fc2
ff334157-f004-466e-8c8c-26ec2f5bb3f6
449fa96b-feb5-4b9a-a94e-790f889d7c3f
8c4243c2-5653-4f0d-8543-828001d6e927
ed13c113-6d62-43f7-88b1-737d68e9f8eb
9918d0cc-3e09-4ca6-a4ff-0f26027cb04e
eda6b972-fce9-460f-a366-e2451125a290
b8a40797-f267-4266-863d-b4868dc11fa8
0f122124-9075-49ec-92e4-e3ac182770bd
3aaecdc5-609a-4e37-83ab-aff843f51bd6
efb1ac7b-3e02-4fc3-b020-50deeeefa7c1
00f48133-e7f1-4a37-9df2-360784b8f3e1
0c4a9613-f233-4c40-834e-7d0a640e6560
69743888-a8f0-4e52-83f4-56400d1ac542
f08703cc-6c8b-4635-826c-e4c26d84b52b
36e2de20-6f5e-493d-9dd0-b40d42f983e3
07cdbe24-e91b-4ec2-8ff9-741d4240e72f
c149f829-4fa1-4095-917c-681d414acf52
9d9afeb4-17c9-4c22-831e-81062b659c60
16cecc9b-1f1f-44a1-89b2-2c1275388e0c
f334255c-982c-483c-863b-863f7314a023
c036b212-52ea-46cb-acad-51c0b80ceaf3
004976b0-05d8-4b32-8030-36b7504f5c28
3fc8dc66-8107-40cb-baee-a37ef57fb8c1
aff85eb6-6018-4086-bc0c-123818b48a88
7019eef2-0191-4fca-a768-9c8d11d1287e
e7407ca7-3e3b-41ea-aeca-b1c55d739054
51720734-5ef3-4faf-b0e3-fe62ca36acec
cdbc32af-7fc3-4be6-b6ce-d9d8b9d97610
3e4e3289-8fbb-422f-9a32-278b80086d6b
f5873847-26cf-4cae-b13a-791cca070299
8fd61ba6-d07c-4441-b0a0-8c64d4d7088d
7af09ccc-8fea-46dd-999c-e7550a221f05
0c9dfd23-136c-44a6-9026-48bee3c408a0
54c14d08-21e2-46b8-9026-d705eb737364
45b4e1ab-5ae0-4b22-a9f2-46058a400111
7b0cde3e-98cb-4bed-98e9-ba9cd25ac5ad
e6c299e0-e373-4855-9935-eb01dde89c95
670ab61f-907f-4e5c-8502-319ca1c90eb0
84a7794c-3ceb-4279-b08c-407f9c1b9a8f
729c17e6-9fa4-41b1-93db-2686dc7e427f
f7f5b345-3dda-460b-8c03-abe70346c5a9
98d0e89a-79ec-43bc-a942-8b732e59be64
2ffa7d93-791e-48ce-b065-325fa06eadbd
c0229672-9dc4-4e0b-be62-ac52d3c8ed2e
c2ef5b0e-12e9-46d5-8ce6-e7ee9d84c114
ae14fb75-87c1-491b-9841-0f7961f6b72a
f072b739-a639-496d-aa78-e1b565ebae78
db31aa8a-3f3d-436b-a0be-7babcde1f334
433f0d14-a7e3-4ead-a6e4-ba36b2361dcf
f91017a9-d8e4-471d-b67a-a1b876871a23
d7bbe17e-785a-4e35-872c-e0877451e121
f42d3c63-04b2-4979-87d2-ca5a08c25c8b
469da391-513b-415b-96fa-2b2b42b04c2a
291e9a67-66d0-4427-a509-e28326b9ed6a
24eaf7cb-4584-450f-bf30-aeb3473b2457
2bbcc978-4157-4c82-a6aa-f498f370467e
4e579b59-f4a9-4191-9780-8a0ef040c327
bdc0eea3-0c7c-4286-90d1-364c67cb49d8
cf959ff4-c824-47e0-94e9-efac17f929a7
b7f9fb4e-fce1-494f-9d4f-9e818e499aa2
69559c30-7077-4da1-b583-8b999e0c097e
74507800-fda0-44bd-ab2e-ae1e1183f9ba
810992a9-62d9-4006-bd1d-45050907c354
3bfa450a-4b9f-4715-a13c-8310b9648793
67194853-3f48-478f-9345-3ad357d0a105
9e0f0298-de85-4172-a316-9c1dc9247933
75e2be2f-ce31-4f62-86cf-59a067879cda
1a626cd7-a81c-464e-9e5c-2daa37d4860d
951f5901-d879-44a5-a25a-b175bb449264
6f065fb1-2b70-4717-81f4-64763e289b8b
b3d57865-637c-4aa6-a343-c35d0b5ba27e
c52d6d69-8bc0-477e-b534-579a30b478d1
906635c9-1e82-476d-8f7a-91546846a01d
faf86a26-5c8a-450a-9f30-ce2f0bc257cd
bb405fa9-2183-4aa7-9478-8f66fc97a365
7ae09357-bc36-47c1-921f-b52814fe97e2
a50349af-7637-4c3d-aff4-3154eb8bca51
af2e2196-f2ff-44d6-8014-e6e204b437ac
647f6282-1e29-4d3f-892b-9c93794d7394
74230111-0a99-47b2-853d-17565957c601
d1314642-a080-4bcb-9542-4db7c3c6729c
3b9d4d5f-e6ea-4637-b408-ddc74c3128ff
b1ef003d-e927-484a-b473-190cff210414
7251c1d9-e3ae-4476-86e8-b4496d77f449
6af3116a-9a4f-42de-87c9-a5fc13390f21
0ee0c8d7-2331-4f1e-a117-78bbafa961fc
f69f0272-49e4-4570-b360-afbee510cc57
62f77baa-1338-43e7-91fe-e07722f4fb3e
4c29bd20-f8cd-4c17-b104-db7af4d74bb4
b582ada6-961b-4fce-804d-4c77f1fcd675
40b3f3e0-51a5-4dc6-9964-148e58bbc833
15346596-625e-4110-baee-fe577895f985
13840313-f00b-4371-a54f-e311b647c9b4
b01f9034-e621-43b7-bd21-5f6adec35082
116c06d4-69f6-4a72-b60e-59ed31020290
4ac31fcd-edf4-458e-b781-61ba61a78f6a
6c04a857-f581-403f-aaa6-5b3f25e0909e
3a19dbd5-6bb0-4c3c-859c-7ed108a2bbfe
19110534-2031-46a1-ae20-8260f95240d5
20a3a31d-8daa-4ba8-83db-59b861ac8090
d06ac569-e98d-4741-b13f-34d3736f1c9d
6df7222d-e9c6-425b-b4ad-dae42fe646fd
6d7172f8-3d88-411b-93cd-a6785aeba271
3b2756a7-8cb4-4eb5-92a2-466c12aa45f7
06366155-5d62-415d-b86b-c0d46459f482
884e6b7f-2f6e-42f7-8c9d-bc448af7a5bf
b7e62b6d-c7e4-4736-90cc-85f9fc27710f
0e3c4a08-2b35-4afa-85aa-7d319523a1a3
84a108d5-5a4d-4be0-b3c5-f7b656e24a53
e490961c-2b39-4741-8bba-24509f70e6c8
f4446572-2b4d-4239-b448-5d2b289da5df
ff2809f7-54c5-4e73-a809-e8f35de50938
8d3a10b7-e478-4793-a9fe-f374b6cf9456
9ed130db-75c2-4633-ab50-ffc988cd2eee
7fd30df8-0791-4575-a25f-fb98fb61d834
d680fd0e-a943-421e-b750-d7de03662fad
4e48f90b-757c-4b11-bcfa-2b15a7a9120c
0b982d7e-56f1-4e77-a84d-ee61adf14e96
c688cf71-d2be-450e-9127-cc6b21b1f314
e0fd2ecb-c6b0-4706-a171-1f63ed815798
ee1c29ef-6c18-4bef-b3c4-8e5853060268
65e764a7-6021-4bef-822f-39ce5c8d0644
8d1a59c1-baf3-46ef-80bd-1cf968e3f052
334db142-28f4-4979-8bbd-ffd027663aaa
a24a7c08-41fb-4507-a98e-6f741f405693
f5da54f9-97ae-4f5c-965d-c72f4787c103
3248487f-c494-445a-b159-f7d5a7e5e819
cce05211-2cf1-4211-a316-a7c9c646de3c
44ea420a-42be-47d2-a421-2af1a8ad372c
5d95f429-42ab-4fcd-bdd7-652e3205fe70
4a7b57e7-d0f0-4222-af4c-4b00e5744b61
c90a3b9a-eeb8-4402-92e8-bdb1c6812088
e16ec592-a78e-46c2-8d0c-edab9d4d0e47
a1e07217-1dc4-42d7-a964-26b228e2bccc
da3193fe-c839-40a3-9463-850db3fc6253
5700bf66-4d4f-4efc-b06a-67efcdc66a84
933ca115-017e-4a66-aa79-5bd0ba3cb071
d3787428-c922-408d-b716-0ee1f0962f54
84f18bc1-7c3e-4190-a604-3d64498d656d
6578cb92-a5b7-4867-8ce4-4738c1db83bb
b9561969-cf4e-4dec-919a-888d91632f19
bb335194-4bfc-4405-aa1c-a6aca0bf8424
c70b5646-2657-47cf-9ac8-7a0807828a94
95a59ec5-c208-4552-bbd5-05266080439c
1fe175d6-f229-4617-9ccf-5a340a6589d5
55e7bfe2-1d16-4d2c-bce0-021407c4d8a3
2f9e67d4-aa09-4872-b680-0ee5f8830571
46349c2b-7636-4c9f-9bc9-ebc3cd0f952f
7dc2cc77-6734-474e-833b-3782df4b3dc3
c64b6f27-1d6c-4ca6-a233-a4bef12df636
ff6d6f74-218e-44af-af02-2df512142903
73ed1e9b-4c4b-4aff-ac51-1c1307bc1f61
0edb294a-d108-4374-8723-202d4ed908df
6e874fcb-21c2-4e74-ab27-4f5b29d21ad4
791a8a27-a0eb-4c3f-867b-592e389836a3
baa445e5-f054-413d-a8e0-5720e0fe332e
8d81b1a9-0dff-46ed-b7af-020b67009180
98f5f062-2da8-45c7-94c7-f845e7454cc4
62500053-a87e-4321-acbc-a4f400649d7b
c1480d10-2784-4856-8265-fe3d5148a30c
54ae62ff-a027-4aef-898b-01f1d185ad78
97f4e89a-0f56-49aa-9a4f-63b295187663
3ded2610-76f7-4d65-8ac9-c8d2dae9be34
d46f8934-7e33-46e8-9dd5-95189ced7836
6e945e43-c522-43fd-9851-4a4ff3dbe95e
b996f0dc-f840-49b7-bf0a-3cea550b864e
b48dc7a7-3c78-4e78-bc2d-ac4782dc6879
867cacb2-b832-4a61-a4d3-1f58b69d66b2
7aff02d9-2ba4-47fc-8baf-071c70916605
cb2e8cd4-314e-4227-98e3-e921c30cd63c
6798028e-8efd-4db4-91f7-35b2c5dfec7d
c17508c2-745a-4e77-b521-37b92020ea2b
37d58066-373a-4e64-843b-5f55fdba9333
1c2bde1a-09cc-4e1e-a72b-f01529586b6a
b1dbbc92-d73d-4b44-ba64-0b089d4846c1
f7c4293b-70ab-4ffc-bcf3-d36bfa0f6d0a
c51e749d-2023-4086-8efd-23f9bf5c4d4a
a66dfcf7-495f-4ede-b7af-304dff817ddc
f427e5ee-7932-483c-98c7-592db4db152d
a1db558d-1aeb-4a82-9180-81a8d448b984
3aba3be1-9f11-4619-a6bf-59c0f0aa3a8e
782837fd-4b15-4d98-b245-252c05515f4b
8c7c1d6c-1f2a-4922-80ce-78919f837f13
6d419cb1-473e-4144-9dd3-7a1aa3e9ad2a
02bf8a2d-3d24-44ae-95b0-a8ed22ef2b5d
1b528ec0-f44b-4069-a31d-f1400d063f62
2a8fd5d7-1b8b-47dd-93d0-da9f0a842ece
0e6326e3-4a62-42d5-8c7b-da459804542e
1405a09b-37c1-461f-8f7a-2826ee1aaf55
33997d49-1fba-47e9-842d-0f4140b322f1
938ba30f-28be-4868-97d1-400eeea865c5
23a0ce09-1b0e-4b47-9693-4ca37ef0a877
e0dc5056-a0c9-4119-b747-fcec9f81ec8d
ab1fa735-2cd4-41e4-9b53-ffa7da0f2ea5
092bf2f2-a6c7-4e30-83b6-7645ec6f4cd8
547e15d9-d5fd-45ef-a4ea-c8ad7ae1db7a
0c2a1cef-aecd-4b61-aec3-b38b983383c2
b4f4bcb6-ffb0-42d3-92d6-244d082e178d
25d27c38-99e6-4cf8-b0b8-fe95fe958147
2a83acbd-001e-452c-a403-4f5c92887d7b
d3d35c0c-e545-4623-8161-a5d5bab15952
78f8f0d1-7737-490e-b48a-a60d062f73e6
b74be474-b136-4340-9521-04fc6d9d6290
2a131664-0e2e-4ae3-8ed0-160e331427a6
46ab4959-f456-4745-a4f1-a4e2a10ab1f0
f6b97d99-f468-472d-91a8-1b553421603c
3395ec97-fa27-4da9-9f95-76da7983870b
069d4bc4-6054-4b2b-a454-5455fcfe75ab
959d9dbe-1d72-4948-89b8-8f5affefeca1
ac6142b3-7104-401d-992e-a4dd7e15b256
9f4ecc23-c985-46ad-91bc-205757d85778
7add6ef0-4f88-4317-aa40-e88f4c16a2e7
c94bd665-41c0-4505-8e0d-c099f7f22c46
efed4d62-d821-4416-993f-f0ff7a83fb2f
5e1b8dd8-a6dd-4c6f-802b-6c64582c3b50
ca7dd13c-fb59-47af-99c8-5f6994079942
eddd5147-731d-46e0-bc2c-4a9f3b2205d5
2f48cca4-f65d-442d-bd1d-cc80d443aa57
f9e76a16-1b3e-4fde-9aeb-264520c29733
7296c444-2481-4f77-9c70-b64d96e74472
32817a60-d65e-4ade-aa2f-391f4ed3d27f
9087ad5b-50df-4abb-a58c-97bd73c9ff0c
343cadfc-392d-413e-aff9-c0c6937a5d19
cfce87eb-bd1d-4fe2-acc9-6c5b7ab96a2d
0a60b559-08ce-4eed-b8c6-002c98c31e8f
6f73e38f-5510-4c4d-ad4a-4784f76b1e33
52da5eda-47ea-4037-bfa0-9a5c1369d39f
1d561118-790e-496f-a02b-3ac951f9ae40
5155a18d-6332-4ca5-b4a4-be9444a3b4f6
6bf3abd5-b548-43e3-8197-d4c44acb4e81
8e9bfe3a-4ed8-4ccc-a436-fddcf45dfb50
efd1640b-2acd-4ed5-a4e2-f4b1e8694d28
d9299f76-c8a7-4b63-9815-81dab67ee98a
97ac2640-67ee-4530-bc28-ae08b6c2cc8c
ce2c35d2-1d18-4a2b-80c5-8e345de65467
1ce4f320-5896-445f-b065-62107105f731
c473ed2e-e341-41dd-90ec-af6324eabd21
4021864a-d36d-4308-94a2-9a4a1e8a8997
b09a9345-7c7c-466e-bcbb-c0955610f561
1598d75a-2642-48a1-9801-b897a301904a
e18a26de-7ebc-40b2-af11-21850b99b249
201b4dbe-9952-4df4-ba60-62aac59cdc5c
1e812b39-17b4-4295-a5d6-f401232bc043
296c6943-2773-4a56-a04d-f5cbb69e3fdf
78f20e1a-8c0c-4c34-8125-52db83d75b97
278b431a-cbe3-4a78-8b97-59349f21b38d
7e148173-f607-47d2-9171-bcb5c3829b5d
5bf64e9c-c414-4dac-9e66-e409241cfe9c
2b5ae4d8-d1bd-4a37-96f5-a6df10135a35
e969d809-7995-4c22-9930-b172cec1eb47
dd6df59d-ad03-4c1d-b4f0-5985636b5d36
c9ef728a-cac4-44cf-843d-33b89ead3412
771a72ae-1d38-4a11-9352-3f3b15f66fe7
30ae8960-22eb-4036-bc14-0cb9a9ed2e99
94967057-97f0-424f-9677-b0ed28c56bb7
57893a9c-0c45-4ff4-9a81-06d51d6687b3
2b6f7936-fc58-4638-8eb2-334beed0d073
b62a611e-8d25-4889-9e43-c684f77b606f
05abe418-ec6d-45c0-a2f2-e0e19ed2f848
fa667e4e-f5ed-4d47-9456-af900acefae5
d65d5c8d-e0e5-4669-a896-b616dc8f9760
34bd820b-56f1-4be2-bcbf-9227bfbe4477
ead6c655-8c5f-4488-be40-e28c2afba52b
34e6a3f9-2095-486d-9a74-b979bacd8277
b3fe212f-2f04-4fcf-96d2-0dfba8ef3316
fd5cf74a-49dc-4eff-871d-54027abc17f4
36795e11-5eed-44b8-b114-c99ee8d7647f
6cef75cb-e0c2-44d1-8e04-1101cb280e55
f47d1e1c-8eb1-47c5-95df-b86f9d8884d1
4ef68e45-8602-4cd0-b3d5-0881b64760cd
3e43d241-4374-44f8-9008-2836af4d17a1
0bbf55e7-bce1-4b9a-b8fe-0a18bc770454
ea87af42-e426-4d3c-bb6c-54406d1f3ee4
c78c36dc-8c58-4afe-8e02-b1acb16c63f0
cde844d4-ae6e-4ceb-a204-c34a1f8dfddf
613e45c1-296d-42a7-b2a1-41bf86b1c1fd
e1f8dc65-e597-4534-a8a4-c93026353681
61d570ae-e7c6-433b-bca0-50d8c4659c56
f7399ae3-a748-4a71-95af-24d2ddfef941
045fc4aa-d480-4a94-accc-f8a98d0d0cd6
ba495574-61ba-4acb-a589-e64fde8dd25d
23f9bf71-4eab-4cdb-beba-9840618ecb87
1183ebe2-f830-4d61-8bff-ae77dc623aa7
e375780d-08d0-479b-b894-8ed29864aef5
cf55e7d5-163a-4de8-a14a-c8870a616d5a
436fa04b-d4f7-4a29-8a62-67a567226147
4fcb11d4-f64e-4425-b40a-87c0a2f37968
82dee333-5c7a-47eb-b537-c56b04bd65c4
add13fe6-71cd-4384-938a-0b7449b79efa
1d674183-8663-437f-931b-1570f044fda8
86f42298-8187-4553-99f5-e4527ede1171
211bf223-5cb5-43d8-ad0e-4d0bb5136089
692e3f65-7a2d-4a63-b258-69f63c5d220b
84dbf54c-b3ae-499f-8218-2ba6df7765d3
b8b33940-db7d-4771-944d-3544533561bc
081e62f8-0087-4d54-9bd1-35aa479d4920
ef29d220-4367-453d-93f0-b45e1998e55d
62a610d3-e1ad-46b5-ab7a-98f5f2b2e7b0
0d8cbfd8-37fa-4d75-893c-d380bc000fad
26170391-68a8-45e4-9362-fe052428fa24
ccd2ccae-05b4-485e-9323-a807fd96b63d
19a85415-8cc7-4ad3-ae3d-e71c78fc7fe3
d8cefd14-6927-4b69-85ff-cd8056473f03
4a08ce06-9f08-49c2-8176-69998f49e847
bdcbc0c7-cb68-4e0c-bfe6-65238938f61b
7f0bcf4a-73a8-4fec-b5f4-7f60abf33f10
d02ba84a-ece3-45e6-9f31-4ad68f0a5e5a
10389613-984d-4d02-a700-6f2bdc656d3d
ade5901b-90ad-4cb8-9adc-d70a7c93af48
b3a8a3ba-ff42-406d-b55d-77a550e43cc4
c90ccfd9-d595-4530-b8c2-ef66fc6cfc8d
20b5bb68-7a36-49e9-ad95-6a3b2abf4c6c
ac195432-20e4-4bf3-a250-8b508fa3f0d9
4360b50a-1d37-49c1-ab3d-490dd6616044
1b35d2f0-1f1d-4e5f-a9a1-21646be4b9aa
2086259e-6134-4395-924a-18875dba22cb
b92a1d53-1d1e-4916-843c-2283e3a46868
27fcdb46-e5ec-49bd-86ec-dc7b0636ddc1
d53a1a81-d326-492a-9026-53a96fd253c4
026aeb97-df24-492a-8c8f-5b84ecca193d
504f4fe6-0f7d-4a64-87a6-72e0fec4b328
a219c3b6-c154-4803-b612-3f976dc543b0
79ab9b2f-7518-4d2d-903f-8d3c1ecf21d5
a80b5ba7-fe8b-416a-8916-362dec368e8e
4af231cb-5615-4a36-b841-c47ef29bc01b
65948753-f871-49ec-802b-c0c752161017
f280652f-1024-4c04-a9e3-5d94bc401b09
e385a4ae-df7f-4827-b99c-31775553c2f2
fab07cda-7550-41ad-abcd-a02974498466
a55dc8b6-6dea-44eb-8db1-82510ba978b5
36eb4a45-2a33-4a7a-8283-709b2e149386
66068841-bffd-401c-aefc-3a15757f0729
285fdfaa-7fa8-4af4-8a69-be4c64105cd2
1324a0a8-31e2-49e7-a1e1-bc5bc73c90b7
68aadbad-4a25-4196-8fb2-d6725eef0d6b
63b37618-ac45-41ae-9a22-582e065040a5
debcd52f-8add-4192-b43e-eb3841ed4c22
ed9a10db-0ad5-40df-9617-3dddd8c57fbd
41899942-2c81-47e2-b295-c71f1b8b7fad
7f4fe727-3bb0-4841-8842-e1c69fb6c9ef
9e5825b4-72b0-4bb2-ac31-3f81df734fd4
f05ab00f-1c95-425a-9788-d6abad9c05cc
d390e626-75f8-435f-875b-57772680e3c9
04bb25b2-9e79-4023-b36d-d7e3a89cda60
1637d111-af61-44b4-8131-0a4c23eab3d0
c6eb7556-4dc1-4605-8fe6-8aa74ec907b1
ae80796a-c820-4667-8569-f4da0e2cfe61
9bea0acd-0e47-4782-87f9-acc70874ac9c
644c7424-6bfa-4dd4-bc2c-57e13e4666b6
24946dc3-e695-4216-ae3c-de622ec157e9
6aa85419-abb5-4fef-b479-4b7047b52f3a
7012bdd4-1145-45b7-a986-b510de4c52e1
a4fac656-925a-4f77-9207-9cbae597c49e
420f2adb-4c5b-41f9-97f7-178f3a6e2e47
f82954b6-4407-4718-9475-813e7093f8a6
821ff543-775b-4697-9a83-c2829f07de01
dcad514e-73a2-46e0-adf4-c3bb9e90b4b0
b47923b6-3725-4bdf-8999-3d498b14418e
fcc50537-2474-47bd-b001-a7399246fbfc
e455cc41-1bb9-4c6b-8f77-e0aaba423c59
227fb33f-08d5-4b3d-a447-59cb9bc6a1d5
d25c8f35-19df-4704-88b0-1251d34b280e
f6416423-890c-4639-85df-91df3dcf20e9
e9ec33e1-7446-466b-b1a9-c1f0719b517a
ae29fc4f-4f8b-4f0e-9b70-624e8ca38f61
17a5f8d1-0d6b-49d5-aa94-e035d430c290
fcfd66b7-61e5-481b-afd1-1c6277a11dfb
836465f3-381f-440b-a3a9-13e18debadaf
2b7b797d-ccd7-4a08-84a4-1ab26d34f264
ef4b9d6c-ce26-4084-ac47-5354900bd8a6
01bacc83-c66a-47d3-8520-17592a1792d1
d4d12bc1-b475-48ba-b452-4e844a71431a
12874f90-83a3-4f01-94ab-bb06df1c0312
b0abd9d7-83e8-426d-b393-20584b5aca07
d3936a4a-2ce2-4d6f-95db-789a45379372
fff401af-7ad4-4efb-af52-f6eb343de2dc
1b3c3b89-0497-4ed2-8389-8d859375bed1
c4f4372f-d832-49fc-b012-eba6059af941
5091891d-a3ba-4c3b-ae77-c8b9e9937346
3a821390-9a3e-4e7c-9471-91eb300992ae
de949f4c-6614-48c2-b9ae-093e21799b37
2c570834-6d6f-42c2-8ef0-0ba3d8f894c6
03220abc-1010-41d6-91a1-852604f4ad56
bbda5a37-06f1-4944-a460-78a78519f415
4caf7bcf-6bc2-4d17-8091-b03a0f843559
36c4610b-6cbc-4012-9d07-70aed26df240
3963df8d-aa7b-47bf-973a-b66c1807c2ea
e62ed505-5856-418c-a906-845ebb92201d
f04e58a5-cbd0-4caa-998d-fa393c1e5b78
151378a4-6d24-42e3-b573-9f7915af748c
7205127a-aa72-412c-b606-11bcdc2e5ea0
fa1c950c-e365-476c-9927-8c53e6f7de89
be188171-b35e-4967-87f2-918f7d52c84a
b48ef397-af9b-4c84-818e-fc1f9c073f12
81ba97bc-6770-4b35-8a3e-2b620f0a57bf
afe6d1e2-835d-4a42-843a-c5675cd68620
27ea9bc9-5fda-4212-b3bd-a3aa2318a95e
32caad36-9be5-4f0a-8ff0-e9ad32e8c442
b00a5ce3-6a8c-4987-bcc7-f336cbe53ea2
e2381bd8-1008-4bba-988e-eeebebcecda6
95f6c8ab-f31a-452a-b0f8-f429e4a6b6df
52943f11-70f2-49ec-8924-5554a985c092
fe5be8fe-2c57-4dea-ab05-452f6d1cbcbe
5c4641d4-bebb-4ecf-89b8-70c69f2a4c8b
10aa8956-5a08-43e1-ab7d-981557879d97
ac996f56-88af-4dbf-8193-12706b34ffc0
8bd4747f-c400-49d4-8c52-4745b530dc25
64f86023-fa6b-4557-ab4f-a26a07f21c41
44a5b447-0648-4d6f-80b0-64707d1c4c6c
31539523-9584-4414-bc65-af84811d104f
7f34f8b0-6907-4d43-b1d4-41dc14b25fca
dff8f35b-7b9d-4844-bb77-748839ce61b7
91efe2cf-5f26-485f-b09c-143df995db80
31df6c06-17c5-4215-bab9-be0253918f12
e2aee3a8-f790-4646-815a-9c800737cb41
7cb8dde4-e87e-4820-97b7-6fd617345b7e
84c271ea-70d2-413b-bc29-b0a24db1da88
a86c9b57-2abb-405c-9b63-a6a1a441b674
efc411c2-a8b7-4982-b90a-bee79d3d7ee1
c837d4c4-32c3-4c45-9444-1b66a0c5702c
08f8cf21-8661-45e5-9b54-23f291034550
56573838-e6ea-492f-8582-7d08d1689e08
9dc7f0a1-e5da-4ba2-8460-90b67a9711b2
b0d186e3-781a-45c7-a043-278c4058e87e
07e7b14e-5139-4495-abf5-672ef9cfda36
003e2f4a-b67d-40a4-b6af-0fc0a1d4744b
e9e57ff9-1607-475b-b26f-351438d7cad7
25a83242-7017-45bb-877c-f682999da795
ebf68c53-e5b7-4272-9949-6c25b35c09d3
05b79744-403b-473e-b992-509b3b38d634
ac57a6d9-55f1-465f-a9e4-46469e54f121
828ebeaa-313f-428e-a3fb-171a090f64d2
ab1e4708-6f1d-4ac7-87bf-9b0a10ce562d
f66fc24d-6bc8-4e53-9adb-3c9c44d58c04
383a6092-f335-4852-8a47-49b531d15734
4f6764f9-4d4d-4d2b-86d1-1422ed64b600
249eceed-674d-45fe-9aa5-6b699cb672ab
11da5e15-ebea-487e-98d6-2deea29ad535
848afdaa-9c6a-485b-a60f-7bbf8e47cbe1
bd27c9b7-321d-45c9-927f-4de224501dd9
bab62cbe-503d-4a09-b072-80c5fc8156c9
0f1b2720-ab6f-4b62-9106-18c002504330
15e5e572-7117-4fd1-86ee-53f67810ae22
afe5cd9b-928b-4267-bbf0-a48a4ed8a5fb
f179c290-52d0-4e3e-af10-5bacc3196f12
3f9bad5a-2096-42e8-8e3f-51d33103cfeb
1b25f277-b0c7-43de-a72c-09b06e6612d6
3875ca17-2029-44b8-8473-545985096ff3
48511244-99a3-46e9-9b64-a75bc2fe3635
2c19b2b8-e3d8-4c18-aeb6-4959f99b8442
ff90eafc-d55a-4fd4-bf03-f80350f697de
1cf8cdfc-7b49-4658-b690-7b21c8bc132b
efaebe68-e283-46d9-ac4c-327334d24755
26af9097-55c5-4f78-bf20-2968fcc7e2fd
08e0fa9c-3bf3-4654-8b3e-651c3df8cb4d
b8f55e44-9c16-45c6-9c16-c9cb1e8fe8d2
8bbc6e17-3df3-4751-b335-fbb31a51182a
f22f771e-b912-446c-9544-6280f64668d6
0f56dde4-1b9d-4bc0-ba61-c993c70fca70
c81f4868-fe10-40b0-b701-7cd52a6b3469
88681226-f8d6-4d21-9164-9a71312897d5
1f536e92-a6be-4707-b3ab-5d861bfd482b
4f84da2d-5835-43a1-9304-8fcec05ed0bc
e8c0da46-2889-4b2b-9bb1-bb03800fd49d
c4e530bb-cfa4-4f40-a6f2-534484fd70ab
0cfcea12-c5f6-4cd4-900f-c35ebb5e1f73
1928076b-53aa-4034-9f5a-1b395b71271d
d5e785a0-63ba-4db5-b8a2-f5dd3b7f1b3e
8b5d340a-c279-498f-b868-c7f24d386a0f
90a27958-8f64-4992-baab-5d5ce3b66fcd
c3e3070a-b7c0-49a5-95ad-c360e5e1c673
ff228b26-c7ec-49d6-abe9-4695686d5bc5
48e2859f-643b-42b6-8211-f62835dd6df4
6c39e4c5-03d5-434c-8608-09862e8a5e52
82bfc085-fc26-4367-885f-a0ef396cce98
eb8c8fd4-0b59-4fd5-ae08-5c31737b57d8
72c0667e-f87d-40ea-a9fe-ccc9a98a8e51
7a0fe62f-dc23-41ae-acdb-1f00689571df
cb30bfd4-a4c3-4f4f-ae05-e6453896eab8
fa17cf8d-aaa4-49a0-99d1-4ac08b64a9fa
2063d6eb-7f98-4899-a5c4-d25cef0b69eb
2abc228c-b1d4-41b2-b671-e22c4f26d519
3c12e712-74cc-485c-b241-c857acdf4d52
e355ec27-7ec6-443d-8ce2-9b169014d509
96e908cb-3a9a-4afd-8302-82a1ab34bfb8
e37ac315-9630-4de2-b914-f5e2af206164
f1572f67-1783-4c79-9fab-f77b2b5489df
55d72ef9-9200-48b4-b583-18407651004a
1b6992e4-3393-430f-8fe7-cd65fb7aacea
9b7d5cdb-1554-40e0-b99c-ca985d9a7b99
09075a7c-dad1-46d8-bc4a-5cc73f3e8974
e4b37e50-6d3e-4a25-8fe8-35e106402c35
2c0ac158-e392-47bd-a2c5-c25ba612799f
b2744506-920b-402c-ab17-f7338d29e31a
873dfdfe-e352-48fd-b24a-cd487973d84f
844bee44-ad88-4e5a-bbcb-9289836d2114
0db74ef8-caf9-48fd-824d-3169c6ab4a04
5bca42b5-38a2-4936-9ca5-c76650700683
eefd078f-6471-4273-82a6-e543be9006ec
4a3ee9f8-ebcb-45a3-9b2e-f6d4c5bc82a5
d6d6c67c-1321-44eb-bdf5-7d6c328727c6
e0a46207-78bc-4b13-b8b1-0e4b4604e1e0
3fe266c7-30c5-4e1a-96c7-6d1c98fe0382
e8fd5fe6-8fdb-48e8-b220-6c96f5e389df
4c856b6a-4380-4f62-875b-d59b995f48d9
d180d1ad-e122-4dd7-94ca-9881033de97f
0aef6994-8b7c-4c59-ad30-0a972451350c
a849c962-484a-4651-b38d-7b23684162cc
85939fc9-b2d5-4910-b6d8-4891ec28e203
a96b94d1-b7e2-4e1f-a8be-adf5046060c8
44a7eeee-5f60-42cd-a8e2-fdb5b6d6fd09
45b94d9f-630c-4cfb-ad49-979e21505fbb
d756ee91-79cc-497a-b8b6-582da02b1d3d
b2d84890-f378-4445-84af-f4b0601e742a
b2f90e41-947a-4ac9-880b-e1ec83adf43c
76983ce2-9ae6-4fde-87e6-efc9d0e32eb0
4a07c4ad-e14a-4f7c-9d5c-7a7cb87c83db
fdc24287-6617-43e1-9c89-e417dbd8d551
07e9d10a-ef82-4129-b0a3-f26d4eb901bb
ca3dd1db-b00c-493a-890d-783849977037
bb8a8463-d282-43a5-ac64-efc416e33995
649e3f00-c786-4af8-a720-a765d213a610
ebbc3ede-eb1d-442d-ba97-b181608ca26b
0a577ec8-d97f-4dad-9e70-502cd681307c
dbc54c7a-852d-4092-b37f-0689307732c5
283d01dc-f1bf-40c7-810f-9c84f3e6ffd5
0c5ac629-5d4a-4762-94ee-34abd6875fc6
faaf78cf-f22d-4de2-a9ee-5cc46b7e8135
6aca565e-b787-439d-b027-c0d2d928e382
57d0ffe3-b5bf-457f-b21c-20ab0768b5b0
e904dff2-33bf-42aa-bd9f-1035859590ad
e8f0490c-4f9c-4599-b577-ee269fb91aef
98cf0e8e-d344-40c4-9149-48ca78c703d1
49f67698-eb8f-42a5-b833-15f45f71e74e
c6490106-1588-49be-8e32-2f555a5b2562
6e863405-410a-4d65-a4dc-8b756b5b4e9d
54521254-bb62-4e5c-9e8d-4338d59a4a0a
7e090c9f-5b2f-4b1f-8f13-17c7c3dec9c6
30d53d4d-9373-4009-9c3f-d58e83eec831
40881cb7-f037-4697-be7a-67b9ee9e53f7
9446bc30-78a3-4787-a64b-42284f061ee5
048fd477-a545-4d8a-8c76-38f0b384b76c
3473b9af-b8c9-4096-9124-f7848abb6781
6b4dd801-c4f0-4573-94ee-c351bdd34e95
b76ec392-ca60-4535-a0f9-fadad85c6f12
1b511160-4c41-49fc-9428-48e4adc6da87
126a7788-8907-4a93-908e-516b6d51b6fc
46fbd8cb-82e4-497f-82d6-0b61a6f0b6c6
5bffe448-f928-4f61-97e7-b50000d4aa64
289ac0a8-870a-450a-b587-409edeac11b4
61fde74e-154a-4ee8-9dfa-8ed984ccf92f
bd5ff67d-cc36-47c6-8654-39797381552e
0e62b8bf-9331-487d-90cd-a8e5f33bcf59
0d1ed883-dc1c-44f3-86c3-5fe5a9ee90e0
d05c1167-7082-48b7-a81f-4d76f3436981
c0e16a8c-00d1-431b-88e0-80f5012b35bf
c8174561-6540-4ff2-be79-769db301b13d
af03bfb1-a93e-4f03-81ad-68a70f4fe8d7
beb8d6fa-1d80-4ffc-a256-e77d9264d593
abc14f17-502f-4009-85fb-7fb6dd42400c
eab231f8-8221-4268-b084-f1ee32d8c027
1f3b3bb9-0dc1-430d-9e07-fa150994dd29
f1412f59-aa93-433f-bfab-d9bc392a162d
0b56bf94-a2fc-4ae1-871b-70dccfa22b5c
2bc14afd-d5b0-45d2-aa2f-eebae77687db
baa81ea0-a267-43bb-9a5a-95233e5d59d9
305c73dc-9670-4a2b-a4f2-aec4e63215c7
70530b59-5fca-4023-9c0f-4ef5730ba00a
50cbd8be-03a1-496a-b53a-418dcf31610a
08670be7-a20f-4a80-b040-609d2f41d7b0
460767b9-d42e-4271-9c49-f3ea7d1c422f
0567a776-dfd7-4e6f-8c9e-61d5721131ef
cb305832-7749-434c-ae2b-c401414cb850
f8a5dd4c-1680-45f9-abd4-992023b081c4
a70c3a11-23e3-4392-9a51-d7a40c1a9767
f6725d1b-7323-4a27-884f-f1a6478bd687
452cba3e-7249-443c-86fc-1f44b3795ad3
1390eda2-e075-4ec1-a533-2d889c607aef
a6f66974-bce5-4ee9-86d4-12a98fa6e9a6
543dd64e-01f5-488f-ab4c-130c90541713
251047d7-75f5-40ee-a350-af3bac3b491a
b7fe067f-c8ad-43ea-9a5e-9bc786865bc8
f77992c9-6fb3-4be7-a409-894bd88f471d
0b021bf1-50a0-43e9-947f-522431fa1274
60e3f09e-1d3a-477a-9d0d-e2447082900b
f04f6044-6518-4419-a291-293f5532e654
6b300c79-c049-499d-bbfe-d962a8c27a99
38bfc448-c234-4671-b207-3ed10b4cb7db
18ca0a5a-6823-4992-84eb-8d11b4c013fd
a9fc5b2f-9aa9-4530-a72b-f5dbd724d419
3600f356-1a23-40cd-a5c6-8bed45de597b
a78ed0f3-47a4-4ea3-9633-8d374284996b
901ec449-e3e6-4c6c-bae5-39a2aa656b63
504123bb-b89b-45a2-8699-5e9fb0122f3c
afacb101-2cdb-453c-87bf-3536ebb3da29
56ba7450-8aa0-479a-bb64-7732c6f2edbd
613c701e-c0c9-4109-95e1-c6cb7ec3163c
4800370a-2391-459e-b576-0612da904583
62ef7cac-11a3-456c-942f-9f9a16b5ae63
7a754ec7-009e-49ff-b7e5-a3f6e9fb46d6
9a1c3f05-96f0-4a9e-a950-77da6de8f13a
46714537-5ce5-45e5-a618-016c623feb39
1432b09b-80b4-4b69-90d0-cc13dc888acb
5bfdce78-ac92-4e05-94c9-a40aa3cc786f
2b79a4e0-4eeb-42e3-908f-d90a4fb453e9
030d8f06-e62a-4cfa-83b3-03b3033ca512
e54db21d-005f-4d19-b62f-583c8e0b11cd
826394d5-bb51-4313-9eef-1ab7ac520049
879b2a70-9c55-4cbf-9a2b-af7b4b2fb77e
fa674782-3d77-4703-b58b-d61d12093fd4
e2957280-f9aa-4a76-b18b-92e81c750a43
e92f66fb-0790-4dfd-91f4-c4aad8931d80
231e7f8a-2e52-4bc6-8265-804cc693ca01
304cca01-577e-4300-ba18-760efa183926
6e3466ac-5ba1-4289-bccb-b1d03ea3bf51
1dc61e40-68d2-43c0-b2d2-8de971aa08c8
82c8351d-102c-43aa-be03-4722e3ea04c1
5d0f7273-0c14-4a6b-b626-bbbfeaed4177
d9eb490a-1785-4e9d-b0c6-bcd1ede9bf64
c9dd11f6-8fe1-4c2d-be58-37920975a0b7
b1e1c78c-adcb-480c-9409-4ec90b4db61a
1bbe27e1-323d-4bef-a045-3d035c76cccd
0d23f4bb-74cc-4200-a2a7-f083aaa4b58a
b9e3127a-0edc-408d-abac-4e578d05cf2d
19bccbb8-fea5-4f61-ae8b-aa3f3cd8d135
848fb7cc-db4b-42ba-ad4c-3323c7052740
f3c59ee7-bbdc-4a5e-83e7-64ba6c3c01ec
e923d03b-bd92-4ef4-aed4-39097ac9792e
865f748d-1764-4362-99a2-87e1a91ca14b
f03f2219-f6bb-4204-84bd-a1c6eb6172ce
6f5e7b8e-068f-48ed-bc80-bd0f4ce6da14
1afe675a-3c66-4648-adc7-61166a60e01d
ac995a83-bca2-4dcf-bbd2-ea8e48dc039d
2907941f-95ee-4b61-bb34-63454038635e
3971631d-825b-4423-ad5b-446801184652
26563cc0-a70c-4932-8cfb-b3dffe3e1473
dc1114bd-0ac3-476b-8fe5-55c8080c9154
ef3e65e7-9056-420d-9120-6aaf93a417ee
384774e8-da6f-4da3-a852-83dfe067f6c9
e837493f-0476-48f2-9972-509e9bb9ba65
0e1214c1-6b6a-4096-aaaa-7252f0bc55a0
e3903046-b867-431a-8071-66442761c426
39c7f589-2130-4b93-a982-fc76f557aaae
7379d687-6923-4b44-81fb-d3e275ea7540
eae113f7-5776-4d07-bf6a-4d299f529925
3a4ab10f-e2ff-4c8b-b16e-547b3edecb19
6213ff3c-4075-4d7c-97b9-ed3fa785146a
b6c4ebd3-fc17-4403-b552-179de99ff41d
a762f9a3-cc15-41d5-8fa2-cf4e138f9ed9
767de57b-7ba7-46e6-b5ea-035245d28437
e6d23fee-e358-4a19-a46f-05b3b2015ca0
1ccd7fa9-18a6-4b8f-8e82-3828d2374eff
c371ab4a-af9b-4d52-a04f-2889465003aa
7903afde-25a8-4158-827f-258e966921f3
6e51f42a-8f20-471b-9637-10337b6bbeef
ec32e3f3-1937-472e-8f5d-e203d3d1b44a
318c6348-2d5b-4092-8c3b-c402935d5ac8
9c551f05-aef8-4fd2-aa86-5e823a375a56
143e7fac-550c-4850-af37-8a75e7609577
706c5c7b-8917-4ab8-8f37-9dade65370ef
d6a69e68-3b5b-40ac-bf85-31edfb6ef6c7
850c02df-b103-438c-b86a-c5f9426add08
d947381c-cea5-4549-b24d-aba3510dccbf
ffa0205e-5eaf-4eb3-9c36-f4beffae55ba
6d8f0598-c45a-48f2-8325-e7507eb8fb45
2a45e81d-ce06-44a1-8068-830e2d5728dc
2004a709-1e7a-475d-980a-53be41ed0de7
cfd82af4-84b5-468d-acb6-afb2dc04d073
a3d51387-014f-4a4a-9eb6-3da64133db01
bb0bb5dc-e67d-429b-92ac-a8396e01054d
64bdcaa3-2404-4f21-a43b-c16fbf84edf5
4bd35f31-dd91-4b83-b825-e341dfbcda1b
2ce75e2e-1195-4d28-b50c-1f4dbd3d32a7
c7f5800f-f1ff-4fd3-9764-9a89cedfe10a
27309f9a-be26-494a-9109-a931521732d3
41cc4263-5947-412f-983e-c45dd072d702
66721d02-8dc8-417c-8ea8-e3d054d3beae
32ddc103-0895-4db3-b2fb-048cd37d01ea
5a9db226-6a5a-4cb7-90cd-5fe7fe657489
da3cb701-a242-490f-8ae0-a6e04d9d66a6
556626b3-65cc-4048-b63d-a9dd95635731
a3ffd2e7-b9dc-48c5-86b5-e500297c59d5
d448c141-5aeb-4098-bf10-ae81d8a4f302
e0e8768d-aab8-46db-9e41-3d0adb9df278
572c480c-58ac-4603-84e4-aa47198d3d1b
71333ce9-79e4-46e8-ae0b-08e68c3413be
b0f48fff-b6ee-4940-907b-cb5598eefb0f
9d1cf12c-e153-446f-83ce-5b3958846ded
44d13796-0d4c-464e-af3f-e09aa759cb6d
e58f0d02-eba5-4f48-99c6-ed93d1262496
46ebe48f-7105-4fe9-a7b5-f21010084533
7dacab60-8e8b-490e-99c3-c6dafe390929
e94bb0ae-7399-4484-821e-7c1332552465
0be773db-bb15-4f4a-9e31-5a4b9851676c
b8f86e3c-1ad7-4b0f-bca5-4af84162b198
6adbd4ce-8a3f-4155-a09d-43694d46cc8c
187c6d4a-591d-4ff8-8bf5-83c492374b04
1e24b86d-786a-4ac5-bb3d-e70f16cabd74
d066dc4a-731f-40a4-826f-cd80100520eb
d69d1a80-58e1-4088-b831-c3a4f5715f58
51388511-42b5-421a-9b74-7913fb4dfbfb
9ba1241f-8f12-4944-bb53-0d8e62ef813b
da8985cc-bb87-42cf-9b88-f5ccbd120b79
ffc2bc14-5286-4507-859e-567923e846c6
f0917b5d-2db1-4a66-89d6-25706dcb3ec1
af659c02-45c2-4363-8a3c-66a916cf90a5
04cffc8d-77a6-4d9e-ad5a-93d86c3cf240
0297fea8-0a67-41cb-9c01-8b9741281f82
3845c31e-776a-4b25-acc1-36252441562b
75a328a6-5d91-4399-a741-f3e450d425a6
9431bdde-2cd8-46ab-a24a-ba923905fdb9
6087b7f7-b35f-424d-a335-e63e45af06a1
9d6cf0d8-6d9f-409f-9415-3f815de03c1b
ed004018-05c2-400e-a1b7-59fc3005a23a
99c22ea4-1271-442d-ae6d-7de8d8322515
840577c6-f078-4f4f-9a00-191d27df86f2
1e96b7ac-01cd-49a1-b9fd-d3e99972f9b5
31655fac-1ade-44ef-b55e-d54a4cf50193
180fbe87-73ab-427f-b4bb-920b81f122b7
66d69f2c-e3c2-41f4-8ec5-16b08eadc57e
c856d2c7-90f7-473b-970c-512422c75229
653db66a-c02c-4996-b4ec-dec1f68b37b4
2d2a8ead-dafa-42b6-9e50-5037ee46b0f3
8c4d41b3-9d4d-4d41-9eec-190fa1ac86b1
77a27322-ca24-47a4-8f97-8c5a05882f11
80f92a56-1a1d-43c7-948a-02111a01af42
5ae36392-c5de-4f76-aa75-ba10c61c5196
b36f049f-4ec4-4d4c-845b-da30ea084e99
cf360370-8b35-4128-ac52-0c282b32fe75
93088eb9-9e80-4ea5-8a70-248e9f05b540
e9117608-413f-4bbf-83d9-4543cdbc33c4
931b2ed0-15fa-4ed1-83a2-6c55d7f67bfb
08ed61d9-b11c-442a-8e4c-99b2a0816a06
b05796a3-f9b2-4328-b295-17107495599a
d6e58469-e717-4b7e-9b71-27f50c4970a8
188d6eda-cf76-49ed-9f8e-28dc7e5a4d1e
d9bd1b2f-0864-487a-8120-9838cb29eef6
fae8080a-e87e-4091-b2cc-681b38c3d3ac
5f95a980-c798-45d1-93e9-b462d3e224bd
a6eae753-cd7e-487d-b2ee-3b10c1f9d681
544c6ce7-da15-483c-9d6c-87848b843187
d0c3a8db-1806-41a8-a81b-5a0625521ede
18533074-0a06-41ee-8be7-a4074eac7cb9
4402d2d1-dd2f-41b7-8b3a-88d17b4d5580
4519fb91-f151-487b-8855-f0c14b62a795
c83e75dd-beef-4579-ac92-ffcf658be9be
9d85201f-cfe3-4243-995f-7f4b827b9a36
59bf72de-7bd8-44b3-b77d-027382377f25
7b318654-e801-4bcf-aae9-b5599c726096
0ba71240-5387-46f4-bc11-60e810322ec3
b03374c8-c304-42a9-93e5-beb00e7c4753
873b45f9-272a-4d0d-90d6-06b0d9e95b88
c6e311b1-f8ed-4655-894d-5cf224b954fa
86a7ffe3-0b97-4b95-988f-4b44635ff659
5cabfa01-39f6-43a9-9e0b-a61d3eaeb57c
a06f9e36-36d4-4c9b-88ed-ab18e06bd5db
fdcc76a9-971e-442a-8412-d6df0d76f589
552f4f6f-2db0-4c68-b214-f6d488e753c3
6dba0862-1e74-4ee6-b7aa-96aefc538303
e638038f-6ee6-4f81-81cb-da8209baff97
42c8b22d-5506-400b-8da1-e16c7b903e00
4d6be8e3-1902-4cc7-aa59-b0e5a18ccc64
18a4a241-9eca-4a3d-8251-14e0329a9c60
7397cfd3-02f1-476e-9729-fd29c5a50104
b389e19d-f54a-44de-9434-ff1668988868
d506a9b9-f477-42b9-9cf1-f1ddf2cf14a3
45c6d1a1-1e1c-429f-952e-3d367b52eb0b
038e87fb-fa99-4bec-bd94-c693e04bb4b3
83ac3728-0ebd-487b-a401-6aee92b5b067
63e315e4-a938-4bb0-9db8-3911d09fdcc0
1cc07f48-892f-4112-a043-11d1ac0af38f
7960769c-08f4-47b8-91a6-0296af13dfeb
2c5fd236-3442-4990-9fe7-9f1710fa96c7
e6b32b3c-fe3d-4320-b3ce-9354e88fbe34
69d26145-d998-4656-84d9-731330c65a3f
1d290df7-ebee-42da-95fe-4867fa29bb02
774c4ae4-90ce-4d14-a61c-114be6e8c0b7
0dc7d512-b163-4c5d-ada4-07b9f20f68aa
4ccfc3fa-8340-4258-a536-a80313106e51
9eb2d50f-af58-4879-be26-5bd3c6e0b88d
71fe77c6-624d-48eb-95d9-30714c7179b4
cceaf75f-a506-43c8-8799-7646fdce9dbc
03ef6cb9-630b-4a09-a207-d6467db8204b
e63aa5e0-a6b9-4e30-9f17-9f4ba09a2a41
8477ef87-2c6d-42b4-92fc-aba8babada4c
dfcfb88f-15a7-44fb-a640-911285db8497
bb7aa19c-cd70-4309-ba24-8d9fcb674181
e5972e4e-2988-4390-94d0-7d1b4b04d7a0
c80038ec-dd76-4cb3-a1df-08f538b7627d
2eb1604b-a585-4554-818e-aeda4abe6ed7
5fd5438c-b2da-4a67-850f-1801a766a6e1
364a75a2-7066-40ad-bd99-8cec0a77f1b6
3679398c-6f55-4aa9-b987-647d45056dde
d298a50b-524f-4a58-b88c-11bb7ca01f93
fc1cd5bc-a4c9-4c77-b453-a8eb066cc95a
6d9dfc12-c89c-4018-9b0a-fff828985a83
aba05840-31af-4e29-83e5-135648284c2a
f1524801-b7da-4e26-b30e-ba8fa98b039a
00d7ff8c-a891-4b4f-a1d8-323e0c3b626a
7be74a77-e7cc-412c-9469-ef8cea4be93c
1639c3c7-2e80-4a42-a16d-fded1d22f999
ba142c17-3bc0-497e-83f6-ec7c91099cd0
87802d51-1683-423c-9ded-6a1862f80da6
8a64d8c0-c999-45d3-9e81-af6d9ad6ae74
3320ffa7-60eb-4e1d-85bd-a0921484a90c
23be48b6-2eed-4be0-bbd3-11e39b8102af
e9ec3c52-a49a-4960-ad74-d7812e8694cb
7c44c41d-d20a-43a3-ac5a-f1abbba0bef9
60f38fe5-0b45-43c8-a11a-d7e1208e10cf
2b756159-249b-4ad5-81bd-02151825220f
d1c13258-1785-48e2-ad20-7a4346acad4b
9c1cec0d-ab34-428c-bb59-1e8cddeba473
9f6450d8-4a2c-47bb-ad84-97fbf392b814
34761d66-47be-424a-bbf6-6bbd13224e2c
9f9ef7c3-99f0-4160-995e-112d94862db8
57763737-32f2-4e50-87e5-a828f4017e5a
6849466c-c1cf-449a-a1a5-f7c3c64b4ded
30be84fc-cef2-4db1-bc60-56026862dcb3
082fde40-ab1c-4a9c-8df8-a245f98923c4
6ce66a5d-ca1a-4fee-b931-70a7210805e1
7d318ed7-c159-49b5-9c90-9bf42627a53e
67a6e63b-68e5-45a6-ac80-8a84fc0a62e3
eb3a8a51-703a-4bff-aea9-97d1df4aa537
b5fabe3d-7608-495c-a05a-94ab682d46bd
8c50690f-48fa-4660-bd57-105ee3aa667e
6a569d33-7198-417c-8230-0a52e7997193
00f02bdf-da66-4c2c-a597-d5c1b3fa9752
8498ec4b-5acb-47d2-96a5-f5df110da6d8
91655006-fa8a-4579-9726-989d108b2acc
f02f945f-6fa9-408e-9259-f0569b4bb1f8
32a0a6ef-61fd-4b88-8908-c8910545f057
101c1d64-6eb4-485c-8fb6-72acc7188978
1eeb28a3-ec85-4e96-ae9e-fc76c5d1da9a
bdfce717-3a06-4e33-a6ed-1b2a7e0041d3
fe6eecbd-c889-4e8c-aadb-310b1b1ed2cc
0dd2a1f2-0e47-44f9-b994-7ac252b08095
3c2e0a3f-7c34-4d8a-9f0d-b8324a4a9fb9
f81728d3-b1d9-43a8-8436-21b72957f6cf
c80c7ff7-338b-46e5-94ec-1162e7bed884
670a3b77-bbb8-494b-a284-2241635fb05f
c0b6f9e2-05e7-47e1-9bd9-fd418a027c52
21fcbe32-1e53-48b1-a85f-456a8d46eb85
d546574f-1d38-4929-bff7-5f248bdb4a4c
e9843518-fb36-45e8-83a7-c7718b6522b0
2fc83ab9-ee39-44ef-88eb-1b4c17623422
e4e441d4-ba98-4cf9-9bc5-215b46f9bcb3
0c5e3d6e-a816-4f32-8a66-ba633e799ec4
a531080c-6e2f-4ff5-a90b-fc5ee34307fe
62a6499c-fc1c-4c53-958f-a307aa82a153
2c342ae7-e875-4393-8b6c-e1ba347f5315
e42c2f4d-13b5-4af0-8bdd-16d6ce10be6b
54889bdb-27de-428c-b8a5-758df243e20e
d620cd05-79fb-4833-a1a7-aa9f08f8f139
46ada2fc-9080-41d2-82b0-3b98511011b1
7eb58122-72e9-44d3-ad57-9786364222ec
37148f7d-b8cf-497d-9f8d-be266d5bf0b9
50b1dfcd-5d1b-4474-aabc-fabf97299d9c
e03953f6-0ca3-4d45-b4c1-f4f002314e70
1f1e077d-5a50-47a5-9d44-b53fc6b9a264
8df9aee9-102e-4682-a2bb-3287e8e67b31
ddc9c78d-d400-4c9e-81fa-8a257701987d
8fa4ad4b-5c66-43d0-8846-56aab84fd72f
d1a88eb4-38fb-4900-b96e-64d444f2f94b
dc50fbf3-be72-41d9-814f-bbe5a3abdc2d
80ae1c0b-3400-4931-8258-84fd6044b4a0
6fb69b15-b519-4463-a30b-9c61bb60739b
39563d42-d1ee-404e-9cf1-88586deca7d7
1a5727a3-a6bb-4b63-939f-eaa9639d78ad
b697f4bd-16dc-4be0-9e4d-43c0dbd3a9f1
29df0071-2c22-447e-849c-89052ef4a21b
0b4298cd-1b98-46c7-9fa1-e4b6cdc6bd22
3663e221-c46f-4d26-9a33-af67173f1bf3
d15ce599-baf8-40c6-8443-3d9edc4ba851
ea340b7c-4f80-4ae5-bd5d-d8cd30989605
4b60afbe-ec1c-4614-8209-41240dd854c9
36ea7fa2-df30-4b99-b0fa-082ffdd6ccb2
ada90b4a-6b53-4ae5-8693-27ffa24a59d5
16a3f64a-9892-4121-a1bc-40d7c6d8ec41
b8a5ab72-d083-45b0-8699-d53142e81036
024bdf0c-9805-4200-97a6-345b0ecc966e
0bb6fe64-c221-40ec-b0da-4e426777c801
9434157d-187c-4df7-a20c-3c2d3a2da844
43714ffe-4493-45df-9f0f-4ffa4af27a66
f30679d0-507f-4ae9-b740-d6534f6da94c
5237fe6b-a599-46f8-b2bb-5bdeb0c5b048
6a31cae4-4f1a-4086-9742-f122a9d0a454
b0e2371e-9931-4d4c-84d9-34924afa07b6
11c08250-dcbf-4c8b-a58c-e68487f579d6
f86956d7-58a5-42a7-b1a7-991ce3103671
255802fb-0251-4596-9a21-192917899cb8
555e32ca-b9f8-4310-9823-c291790c6024
2e7a652b-8409-494e-b09d-c63e88ea2453
b6f5176f-755a-4816-92bc-bee7289c6e6e
334bd7a0-da6b-4500-8601-9fc1a4ec507b
7810bb67-16fb-4e83-89e9-31d9a0f3f965
85736ba8-40aa-4bc1-b017-d1a19971cf88
eb788c33-16bb-4ed7-ae9c-16c34b06e2c0
bf9cafdd-1135-4c79-9a32-899064b5a255
fe6ea010-1f58-48bb-8e4c-bb01b508a11a
26245980-c07f-488c-97a6-1170256579f5
810d7dbb-db2b-45e3-85ce-4367074e8706
efe2459d-257c-48a6-b3f9-5301759e9796
aa4799dc-337f-4276-b0bd-ef6a369e4458
5671cee2-fe15-488e-853c-8e25784c3391
f5529dee-5ba4-4531-b04c-b150a3105429
692415b3-c9b5-4640-a588-ec42afdfae49
f28d418c-b85d-4ac3-b0b4-2c30e2e0f1da
8d9be1fb-50c2-41ce-a255-4e4e8e5442f3
cdcf5f7c-3ce5-4675-adac-af6cbbe45945
09d2c112-9653-4fad-9542-9ce1b78c0cd2
eafb28f8-afaa-481c-83b8-6da44f074ef1
19ba9363-f121-4a7c-b17d-06b3c6607cc6
0f6a3ea4-24a4-4c9b-97fa-70463dcf245e
23a11888-c29c-411c-b151-a849d86c0f9d
01abc410-7d6b-4137-b1bf-19047036bfab
56ea8f53-b54a-46a5-a834-569202641eb1
ad046755-f939-4dc2-a781-a2ceae5fccaf
9c7f81f9-523d-4826-b3a7-738261c2292b
121b506e-777d-49b9-8d72-887e8ec9b6c1
840f819c-0e9b-4875-bdee-d465beaf1ee9
8b1075cd-45be-4127-90bf-bbfe027fbacf
fd8243f8-7555-46a5-bfe8-ed4e5924b404
9ad69c0c-435d-4920-90dc-f9f4f81d8364
ee113a43-c997-4dfe-8b2f-8944d0f79ad7
4c7d7fa8-2232-40b1-a1e6-95d6da972e7c
06a27f4a-20db-4c7a-88d5-45329588047f
c3bc725f-4731-471c-b136-e85b56e1fb2f
13234d93-9882-4517-b8ac-c175f3b690d8
03d02315-672f-447d-925f-585456cc407f
4306ee58-6287-4347-be92-735c681ca8b4
28d0de77-3e6e-41e8-b3f1-e714e8b56ac0
caaa642a-9686-4a7d-a5e9-1e7d790a4af2
636f8ca6-3a41-4264-84b0-066044371e52
a3d0ad64-838b-40f1-9bb9-d7cd247a2984
7fdef495-b6e3-4321-8289-56fe4cb03fa9
f0b6b9f9-0f59-49f0-a339-cdcda402e6f1
e8639f95-8e71-4582-ab5a-a5375b3a8a0c
3c5f2377-fc42-4bee-8d5f-1d439f8dd509
349e70ef-ab1f-4ad6-b793-b0db4cac4808
1433a069-2ba4-40bd-9020-76fffec91663
c6b75ae0-812b-48a6-82b3-1e1f3c148ab1
36da0fcd-9fde-435e-a529-33742d491940
3dfb0963-6168-499f-b71b-fd4343cfc568
21c352a4-5134-403e-805e-0341455e345b
656dd075-9592-421c-b993-88dfa85ab7fc
5c189185-d4ae-4a86-8336-f1d596eb395e
061eb4b5-5feb-49b1-9e80-2823c53a2aeb
f6d80a8e-9614-43bc-a755-d6b5a7d82091
c1b76fb4-d806-429f-bda1-32052e9bd45b
41b5ea97-7d38-437a-93d9-64ae160b5795
f269bf63-71fe-4325-aa1a-42c2f12dd549
f3fd5a6a-7caf-4de5-bf8d-db22eecd8c5a
4dba5693-288a-4363-87cd-7886960070a1
9eb777a8-568e-4f7e-b7b7-ddb7992b7c92
5023aa0f-8b3d-498e-a38f-d3ef118d0621
2e4bb408-a131-4d3e-b4d6-36a4ce7d5582
cd0b63bb-e390-4f2f-93c1-bffbaf2b9371
efd308e7-8ead-45f4-8e7e-29df275df28a
1314cd76-f97d-414f-ac6d-0cdab892171f
11e143bc-830e-4768-8df4-c72bbe4b3c20
03e519ce-414b-491b-b90b-4fc60bd62557
15bdf5ae-a2a1-4b1a-bd9a-ea2d51a5ae9a
c66df670-0218-49de-a2fd-a5e8d889a367
2725370d-dd10-40ee-a4ba-ad910cde1a66
af524038-a286-4e57-bf92-821d2611da0e
0d38f652-9d3a-41bb-a214-ca0f959dd785
05405f86-2e18-44f4-b1b2-f60775ba9f3f
359111cd-a890-4130-b488-9db30fec992a
b20a874f-1e2b-40f3-9205-01dee8bea15b
4276a8e3-9440-4975-aeca-7ae38aec9640
d2dc3fde-42d0-46a6-84a0-0b8df8456e58
0501d512-828f-42d4-ab10-c9eed1172e98
b902599b-43ed-41cf-93b4-da16d8c623c2
1c3cf268-7461-4a7d-bf6a-b6aaab48b28c
911b2e09-ced9-49c0-99cc-341d4428fae6
87bac5d8-b66e-4d1c-bf29-a522b1d79a05
3c291c4e-b9a8-405f-92f6-9d1fdf1824d9
7e9c716b-b21e-43db-9980-4c5c51e5feff
aee227dd-beed-4364-bcbf-5e3e408be244
1823ffdb-c662-4230-8fd9-977071e89702
66349d55-94e4-4842-91ab-2bb16542be3f
c1a7e474-74a0-4589-979b-23280b52c542
198a5e9f-2af9-4f5c-9e68-3b1b2bfaf56f
13aa92c2-027a-4b36-b6b9-8e75737cebd7
70958ab0-89d6-4d16-953a-abec265ee39a
343752ab-50a0-4847-bf28-5af8471dd022
e501aa3d-b878-465d-89d6-8ac9e9296aa6
a44d3f5d-0c64-4c3a-a119-8d3d318da34d
85746f31-1fc0-40a7-8a9d-2231a679845c
b305dfe5-b18e-4556-9943-c8bb02f03057
23c943e9-8e36-4785-b956-c199c824dcb7
784fd044-fbe9-4b3e-b05a-9b5f6dcd0461
72b67bc3-d6e9-4b08-9306-a7f9bc9a83c8
4cc5c569-551f-46cd-8574-cd6cc5801314
08643efd-edba-45a3-9b7a-3690c8b21a35
ab0fc483-6299-45f6-ba9a-2e4c60186d8d
837a79c0-9a29-40f2-ae32-94be69cc1ae7
744b8320-91c3-46af-94d9-2761fecc8835
f3cb9808-150c-4b5a-91af-b0fdad7a490a
9335fa27-e77a-4dc3-bd11-6b0d09b20b1c
8c009df4-e110-4ffb-b7b1-0e10f0e203cb
8017f140-cee9-4a48-8d7f-13992db2728c
14fc8851-94f9-4437-a07b-bca19edfbe7b
ff526f95-2400-47c6-9138-8438745bcdd8
0458cba4-3a3d-45de-bee0-2271544926ac
f06b96ce-79fb-4899-ad8a-306045af3f43
bb72bba8-6a20-4f92-bf0a-3d458183b508
c166597a-3574-44c5-bbaa-6e82e6455804
37ff523e-660b-46e1-b664-9fe24cdb3230
fbec6b8e-8ccb-4483-b810-27b9c9666bfa
c36534ea-3a89-4929-91e4-da588e214d79
dd7d6d76-c384-4180-b6cb-34671ff54bad
0032299b-72f8-4923-856f-b18dfab70dfd
942c3b0e-4554-4954-a73a-b11df1a2ea5d
ea1e94dd-2f0e-46fb-86b6-9c620f153e8a
acd90e15-a376-4ba8-8c93-f526b17be9a3
c6f086f9-542e-453b-887b-3e0f8f79e364
40462c3e-0c15-4f33-b2ad-5182b0fe775a
38676ce3-66cf-4dcf-8152-263929c63138
61f8784a-d6bd-4d3f-a0cb-e249edf0d284
8d0a31a5-1eb2-42fd-a0cc-e682312b7608
e1ce9200-2649-432a-af24-3ac21213dafa
27bed030-ed3d-42c0-a87f-2559bdf6470d
456c1bb3-ef33-46f7-b6d9-f3a6945d7b4b
2a9b1bd3-1a1e-4bc9-8105-794b52952dc4
be6775b1-989c-4dcd-a086-1bf45e34e3bc
ebf812bf-e5df-44bc-b3b1-3c5e17b50dca
87671514-b762-430e-b686-db10b0c4e9ac
6d74d164-476e-4995-a75a-c4bdac42daef
516a6f1b-bb1d-40e3-add9-f380d7c80adf
3128ad51-867b-4609-ac8d-d34cab98b42f
60486ce0-fa31-40c4-a0bc-6d0a22d23da1
519f01a9-f45e-4122-98c3-915154006575
5d8a90df-7e6f-435a-a887-3da72290b905
a9258bb1-48ea-4325-a273-a4b1a4f4a20f
22e79d56-0dd6-417f-b7ad-43db63da15fe
311c335e-782f-460c-b810-916d1852963d
d3d04dab-1e27-4252-9fcd-acdc588f83ec
5e85af71-1999-4587-8e06-dcf5b6eaa766
300bfe35-f55f-41d8-ad3d-5afebb2b3a7b
90c1c406-abbd-4335-8a89-5dfbb7a109b7
f8f632e5-656c-4a5d-ab30-ac70b1cd0b0f
4185a37f-770b-4d95-9896-31d9384087a3
34fc6b3d-e2ad-48c1-aa92-ad4dd8a757a3
3f938e48-9cc3-4047-bb1d-9471ebf1d08d
36ab931a-682c-4a37-a0eb-a3fe8adda301
f18fd74f-3b9a-41b4-b566-ea29066f1eba
0e185477-e97f-44c7-b5a0-bdff8176a598
4f423d9b-ed06-4776-b43d-e794d6fc7845
dbfc805e-aba0-4bb1-8fca-c2a9dc613e85
c43cffb2-90df-437a-b60f-a9b81f4c64dd
5901e77d-dfc1-4391-8a96-074d2f3dd24e
b3cf2d46-caf1-46f3-9fb6-22eb88b1d0c7
9521792f-7be4-4e20-871d-dcbe09ee4b40
caf38aa5-b901-4b1c-ac3d-79493492ded4
5db4b78e-a684-41f8-9603-03f69557c89a
aa0a2af3-8d22-499b-9e12-e02c45a694c0
067f4dbc-6836-4faf-8221-27f56285da17
8752e410-f833-4083-8dd6-f10a8514c210
2fa559c0-f9bb-4368-a24f-c498f08b5e9a
a5174fc8-e78c-4c63-bc95-10946e59f1a0
d196c73a-5d1c-4c4a-b4cb-58f10dc1ceb9
93bb5175-3465-4b99-ae2a-db5dac03e973
b80c6dd1-787f-4e3b-b364-43cab82ac8f8
b165c294-4af7-4247-b584-278dbd19a809
26fd2bfb-fa72-494f-810d-9e3ab536a004
0f71d155-581c-4c08-948b-e7ba0aead142
ca877a8f-8490-4b23-a250-dfa3a1efdb7a
b091c5b2-8e72-4d62-8c56-6aa91fada370
4733d4ef-59f3-46dc-b18a-f5f1a368a605
fef866bc-0510-44cc-a433-369d91475e6f
b80b074e-7df1-4f17-a4f7-725e0f6a2d89
0d3ba2bf-79f3-4993-929f-0e1c714c3e5b
b75d34d1-f0ce-4009-be7b-6d9730c62265
29c1d5a6-706e-43c2-9951-8ce390cd8b72
492a6757-f091-4a27-9eb1-026e68be9fc1
20a4c597-0706-4eaa-af8c-0b848e88c383
06dcb898-84c1-41bd-aa93-24778ce47134
af7b2298-7c04-47af-be9f-822b14ffba76
225ad312-4a99-4a53-9b2f-735f9eaeb10f
18b972d5-e75d-4102-8e7d-2a3ce2e39b43
2bd4d16d-afa6-465d-bc42-5b004b83c046
3e7bca40-62f7-4cb9-b1f6-bbcb02332a9c
20cfb742-c927-4228-933f-5268c6ce2516
e6d1ff8e-c601-4fd1-bf64-73253c3bd7b0
4851a9df-fdd2-4ac7-ab36-fda7dff9eb9e
0d500999-5c5a-42ec-b50b-ff0936922544
aa0d8e71-b750-4008-8b3c-e1ab9fd8524d
b1dc1ca6-eb28-474b-b365-df82af1612c2
9950db46-b4c0-46bc-b364-29b44a6e355e
3e83d364-acb9-491c-b31b-814d5783271e
8844948d-a02d-44cb-87b2-cad21189300c
a61ed4a9-1d40-4d24-b6fb-47e147118c2d
da4ea44a-42a9-4101-b7a0-154fab7c57f1
f15da3fc-8bcf-40f2-90f2-be593a3221d3
f23b0613-f55d-43f0-b7f2-bf0a7b0880ae
286ccc65-eab7-4e61-bd5e-94a8070a28d5
e01dc8a4-78e6-470d-b981-b24e80bdd562
02356c4a-4a67-4b76-9733-8486eff94f21
a25356b7-651b-4579-ab6b-9d4ac0f13a8e
9d3e0acc-1c9b-4949-a15b-16a1907cc8f2
11633038-1e10-409a-85f1-e7c63fe864d3
f70ed4bc-6001-45a7-9c71-0fc900a2a227
79ad5cb1-0cec-4e9c-b57c-56b6d7c2a279
71f584f2-7608-4ab4-b009-dccb2eb7b31e
d6e36350-763a-4814-a45d-6249504b4a46
b149136f-17ca-4d37-b745-67b1891d1a09
d9f080a9-4772-4bf6-9983-4013070fb34d
8d23262e-72f4-4c97-a079-62055c3cfde1
a2dfafe6-9a9f-4437-a433-a76f1115bd01
7fa8eb87-6b1c-44b6-ba99-966880815ea3
58a8cb93-aef8-4d12-a9c3-533b2008ff30
b68dab63-36ba-4048-be72-4023fa84422a
4938524c-169e-4a08-a9d9-5c8fabf6a779
0dc6b08c-cb78-4c06-abb7-8c6fec2e585f
6af2de98-c148-44cd-a594-b131610c8cfa
8f1f77e1-18ba-4ad7-aa72-5907da224af1
3fbb5df6-5bf8-4b8b-aad4-d93afcd0b8ed
bd7f9d8f-ed72-459c-975f-4f55bcebe6ab
6a6c72d6-11d9-4377-af74-3ebcd89b55ec
49d42c64-d784-44ab-88a2-3e97b71b20cc
a824ea3d-e203-4dec-9d34-1d12652b96b4
19ffe8aa-5e49-4b93-9e61-71891aac9261
b6a8a36b-444d-4028-9f4c-06010d5301f6
9949176b-ed66-4f8d-888d-4d6d2322ee06
60e6f77b-e1c0-4e8f-8ce9-9f5642f381c6
c68a83ba-052e-4532-b9fc-609530fd41b7
51d732f4-4569-4d90-b7d1-db15a95027c2
8436122e-f60f-424d-abed-618f6cb580aa
42ddf52e-a738-453c-9477-6843aac11bac
5b393f05-c9ec-4a9d-ab6b-38a8a6cbe695
f8aa41c5-18f1-46d9-8867-070408927720
8007c0a5-13f1-4824-b843-7cc56326e2b9
0e8cd947-34c0-4188-bfad-9eb97fb09989
93510986-949e-4bb5-bac9-1bddaa7358de
0ecf7a1a-bb46-466c-935b-c29f5cd3ef81
03ca320d-2bd1-4103-8e38-b6bfefd8ad83
9a1282e4-738b-4f51-943f-5cb7ffaae68c
0cc0c1d0-70e9-4d2f-8db0-a6c3cb1f7746
0cda4088-40b7-4c3a-964e-62fe56734d94
bd52a686-d1f3-47f5-8f80-fb31bded3bc2
88a7f68b-d5a9-4384-95e2-bb6aed152a73
dab59963-eb9e-4923-b564-81a77175ac3c
8efad85c-023d-4cf6-9fb7-a19345536d39
9fbbdb60-107a-483e-a2d5-f142b230cfbb
310114d8-61ff-42fc-81c2-5bb5eebcac27
85cb3a01-8bc3-4e37-a258-93389bd362be
f728bb0e-1439-4ae2-ae4a-046912d088c9
281a0517-7490-4187-920f-e95fd3cc823b
f9253306-6b41-402c-811f-356c909c559c
a5457ce0-bd89-47be-a5b2-fed30ef92011
01bd3e2e-c0e3-4c52-9588-5fc3397b54d7
2e1da91b-989b-43d9-b2d9-64dc0907a8e2
54947930-cfda-42d7-ad66-2201dd45f666
4f3dd7f6-84ea-4f0c-a501-6e218213b65a
a740dce8-08ef-4d3d-ad7e-aaab01f39317
714f338f-5f5b-4f1a-8008-b4af32dc278b
cce880c1-a7b7-41ae-b389-2c17912ad29c
12d7759d-ae2b-4d6d-b2d7-ae73925f2c32
eb6e6c26-a501-4474-a766-9fa90728f6b9
a59adffa-38ce-4de0-9e6f-f230873483e1
dbff452c-5a67-45b3-abe6-a476f0e83f28
97cdd25b-161c-4a8b-a668-59b5a919ed1e
ec2511d7-c419-490c-b3a2-2a9acc10e841
31837dcb-edef-4fe1-9a00-297e5c3f899a
4acd5901-b5c4-4a9f-820c-0ef4058ffa26
6cf6570b-96d5-4a7b-b1ec-a8e10b0f7dd0
b6840435-1848-443f-a379-b8555be1ad02
ba76dd61-ddec-4ace-85ab-c1498f7a57e4
659a4cd2-e8a2-4860-912d-5170a099f10c
b9cd73ef-1319-4047-bf52-46f2dd05f4f8
f8a5071d-2533-4d38-94e5-1ec740691890
87699795-b802-40c3-8bdb-11330c4c9e97
b8fe07d6-2302-40c9-a3ae-2e783dccee27
85694436-92fd-4c7c-9c24-96d299bcee2c
427ee119-92d7-4e4f-a935-7a45bf39b41b
db87cca3-8772-4a78-ab4c-c62331968d3c
3c6f0703-59ae-4e53-9271-af8e15fe02d5
6737c3b8-9d55-4a87-859b-0e4d842279a6
5b699d5f-bb54-4a87-8130-8b836690bfa7
9dec0f4a-8ec4-4f27-8a8f-c2b194f66b33
b4270179-c108-491d-a0d9-78f850cc4e2a
47e9c50d-26aa-459d-990b-574357e0b748
bd689d1e-a3c3-45b2-afd1-3a6c70f45181
f11804ae-c08a-44c6-8a10-1cd8dfe2052a
b313b099-a20f-4a6f-9291-8b51823efdd4
3c8e82cd-f9a7-46c6-bf6a-bb6831b95914
f98145be-3d6a-48df-83ee-077aa2305f49
6d763a72-b499-4afd-97bb-568033f9649f
fb5fa8ef-925f-4a7a-a7d3-bd109309fe7e
62f790df-b9b1-4504-9457-fbe228c40965
6115d5a8-c4b9-4467-b09d-76c93d4ba823
0be60afd-d85b-4af9-8da5-05f8b7584d54
3bbd3bd7-2371-4d44-8194-2bd0c1075fbb
360f1cbd-3149-4659-b927-f68540940b35
e9ef3cc3-b0cd-4c7b-9aa0-a29f85891004
74af3d9a-9e91-4a19-aeec-7c9107097f42
88376abf-d5e3-46ce-a6b4-fac7801ec731
07a7f613-3258-492f-b9c6-53888a88bb55
2670a249-dc70-4cde-8401-b6114f9c013b
5e57638c-57f1-40fd-b0a6-31a0abe71cdb
0cc64d02-52de-4fb3-8baf-b5fb85c51bde
5e76a951-ef38-44e8-a9bd-550adecfc7ec
7dbba79a-5f3a-465b-9cf0-61d4a29d825f
c5d24855-ca70-4132-85c6-24837e8a3142
96d79f4d-6216-40bd-83c1-df8fa65c3dc2
d4086cfd-200b-4afa-8c59-9f5dcf042942
f9024fe8-3716-433e-b03c-6c97570f3581
7cffcd8a-92bc-4550-bf8e-9c65fc568725
b4c0c309-bc2a-49f9-946f-552f02612599
6c3f3782-fde1-4ca9-a78b-c87fac7738b0
a6fd2bfc-2dba-4c91-9274-980c711303fb
f7ed5c6e-284c-485c-829f-3caae3e0f9d0
c4555817-9b1d-4cbd-8327-6a705d61f82b
161b50ce-6bc4-48f5-b4ce-497a807eb344
e225d05c-4382-49e5-8b64-6bf5828731ed
96bf0747-df6d-431f-a1a7-56c0721378da
0e5c0e12-b1f3-4e6c-9200-931630dac19a
0bcacf5e-eaba-480b-841a-bd322bcce5fe
234c75b1-ee4c-4bb0-901b-521e418be5d2
ef2b264b-4de0-44fe-a9ce-615136cb6e18
b2836310-e706-48c2-8af0-6aa6b1a53435
54f45cfc-eaba-4d2c-8cd4-3fad81ea95c9
7c8521aa-4515-42ea-ad23-a8d3f25b345d
7d1b4fd1-1155-4365-b463-1d3d75783ca9
438da139-4623-4e9e-9b35-53eb1069e37d
79f3f9f7-604d-41a0-8a3e-0c11c950c76a
d8f813c5-c8be-4a9f-844e-ea090055e257
44d95631-e037-4a01-9f05-2f9c13dd1354
46343f26-bd1a-4dae-a546-98ff5aef3299
9ab8fe40-0977-41e4-8b37-24945d5ef48a
fcebf7fb-361d-4b85-87cd-9823a1b7a97c
14cb4d1d-1901-48d6-bd9a-020a667a6edd
4646ef19-be97-4b06-afa5-aaa21bb8c11f
d71abc47-44e2-405d-beaa-130245b1c9a2
65ea4011-1ecd-42c3-a941-978ec3b31465
ad0d2afa-e260-47e9-82c7-679970a5b7a4
a76370af-9750-4b0b-b8d0-2eb9edfc1899
d96503a0-605c-4a68-b3a5-8389c9f1a4a5
615e3969-508c-4ebd-9cc5-6c5440ad13ad
c9e32cc6-5d9f-4522-849a-6954233e239e
8ae8f86f-fb96-4c7e-bc69-112442421e45
4dcdf41b-af8a-40d2-95e1-bd62ff10873a
05e2367c-3833-4234-80fa-ce4d36994e56
1524400a-ccd3-4be1-9152-3afdaa8384ca
acc4b2e4-dba5-4834-9732-a0531ad51f39
f1e72024-0c97-464e-ad0b-fbe61556b427
2e901325-93dd-415a-be48-85b9fa77a32b
de0ccac1-6629-4e51-81e0-85d1af70bf3c
f55129c3-4bb6-4266-ba13-0ad5a53d859b
96cf901d-3d26-476a-ba05-a974d03958c2
9b3bdc41-def0-4c4c-be66-621a6c7fd681
ae0b4055-66ca-4532-a660-24d3f628192e
e245f604-434c-4fbe-9e14-3f232c31e69c
c63db773-7c1c-41aa-b38d-83c79c773cc8
7fb38539-5bc5-425b-8001-3486221f43c1
8639f95a-3157-49d3-b6c9-d93ae19f3bc0
00e09f51-5577-4f5e-aa45-5476f57b279b
de3cfca0-b8eb-4e18-9955-421b1f96247d
818dae14-b316-4320-a883-d95988307395
7b0735ea-68f1-49d2-9e64-1a7b193a62a8
918d3f71-10b5-4f09-bd30-d3c5feb4f4f0
b5a3cbe9-0d0b-4a18-8a90-8fa77cfdd9d3
7cd0b342-c78c-4f58-bc13-eb6297f28b85
41ab0c4b-1ccf-4c64-b91e-138ba0c320e5
8a572b4c-363f-4005-9ea9-628e17ecb647
e7a55ecd-2300-453d-aa55-46a031748c6b
ca7c3f5d-197f-4a95-bc61-732722ba290b
b31276d7-e763-427f-ae54-2c195d8742f3
2a6a03e5-eb3f-4ef7-babe-f2887a0b1248
0ae904e8-e3a9-47c6-af6d-3bd416d61d2d
b93ad133-8d0c-4820-840c-658a3febbd4f
aafadc59-292a-415e-9031-d43b6495d5ca
13222f2c-688c-4a48-800f-8dede81993ff
98bdd71f-52e0-42d0-b5c7-4246176321f5
79ceb3f3-e804-4487-9068-e794c9614f15
9ddc24bb-7f99-4cba-93d9-a0df6d9b76ef
58354ad1-b56a-4a7f-9eb4-b4395830ddf0
5fcfbd75-6f95-4d9d-b42f-7917428723db
8e3185f7-1ace-4aa2-984e-f6df3c132378
3d5f971d-10f0-479d-bee8-bb1e41797525
080c8fde-79d6-418a-99a5-ff2dec85b04f
c8ff89ac-a20f-4cee-bfdb-bf449808b9e9
494a4875-84fb-46f9-8eca-390167a1dd5c
24a3a69f-b8c6-45c8-836e-94275e32c391
02ca0728-9b51-4083-bb01-ab3e2a27aa94
7f6d6d8f-2eb0-42be-8062-06ceee8774f9
5bfdb7cb-0582-4d08-aed1-15588827e059
1b4a1d49-7c69-46df-95d6-c4844931f2ed
d52c604e-e3a9-4a38-a853-938d75810c66
aaeef28f-b55b-4cc7-b46c-7b3615755497
5c2ab3e5-1dc9-4187-bac6-1aa7244106bd
cd09644b-6cfb-4bc5-a15d-c7fb42ecd9e8
2154ca83-991c-4cb6-b95e-0e34d1e3570d
383520d3-3d35-4da2-ae32-35c44f872a46
c4ca8359-82b5-4558-8e50-f5b106da8ac1
ee9c2235-234b-4c33-b3bd-6887224ae7c1
09bc2ffc-4454-4576-8e82-9659f5840aa0
7a0ae369-4aab-4211-8827-ba014b99e94d
c788c381-b238-455a-b97a-0339962d525d
5557f892-1cce-4c85-ae03-911a679a99ec
04bd3ae0-9d1a-4388-82bb-387203cd3e98
6fa3bcb7-a00b-4220-80b2-c09d7459561a
cc90e978-b98e-410e-969f-c2a6d30c305f
7ea6ed02-05aa-4a39-8824-f2e0a32b387f
033ab091-9fc2-4629-a4cd-cc4a5e9a90e5
b4bb7f27-7172-4a02-ae92-d40bcb2e2d4f
30fcd285-47aa-402f-8c37-07a94cb332c5
81367406-80e9-4ca2-bdd4-7265ea8aed82
726502f0-2445-4106-a52f-09a641e73097
78dc2c60-7826-439a-bc6f-e4b8e73ece8f
8c77de68-6530-49c5-ac2a-cd6b70cc3bba
c9199c77-be21-418e-9064-c384f613176d
938dbdc6-d500-4642-aaae-e65c92f126bf
bc841077-fbce-4ead-bc7b-240cb35cd845
a11360cd-3742-4eef-bc3d-bda2e42f59fb
5dcfd004-9874-4586-bcae-8a30c6da5b0f
170eda91-9afd-4f08-adbd-a8385998ee6a
f7cc3161-db8e-4403-a3ac-52cab1fe8d82
8983a0cb-b89a-42de-9605-e85e511269ea
3b32ac19-079d-4a5e-8303-3205dd0d6109
bc0f772c-ba62-4f7c-a371-bd3e01acf0cc
398bbdff-2eee-439c-a3f8-f5b8b475bd2b
6f8dc034-f88d-48de-9a0b-97162d9931eb
2834b91d-e573-46bd-8922-efd07c636a9a
bfdececf-cd33-4176-a893-52c6b2bcff9a
0ba79eb9-7cc9-436a-ba81-43f5de480874
985515ff-305a-44ee-ac5a-3b529180f275
83323234-9d81-459e-9152-838d8fcf2fae
b4ee417c-c7f5-4feb-a928-2ebaa643f344
4d85efa8-cff3-471d-9d09-b0385b8bc01d
6b03213b-f15c-4508-8f14-1916ed6d90f3
02392896-039b-434f-a794-223920209a96
a63e734c-77ac-49f6-9ba5-952089acda80
94303845-2e24-4dcc-acc4-ecf492be7826
4bccc476-3c92-4ac0-82f3-71682dd10044
6c89540c-9b8b-462a-9cf5-c31343f6dabf
9925e2cf-7f9c-4726-ad00-89cbcb3ae31d
87e2a10d-5571-4e13-968d-85148aedd07e
6b3ed14e-e1a8-476e-8a06-4476435d42e4
4d92f832-acd4-455f-b546-4a4c58bc7e5c
df69e2cb-bcf0-4222-86b2-18ea2904c99e
8165c148-1b89-42e9-b5e1-5a9d100028a9
03397d05-7150-46bc-baad-311101ed8821
a83dc291-8555-4f91-84b5-153be6812e9c
c3aa2235-1353-4d67-8e2a-90ba71484c04
94491ad1-333e-4290-bbc1-5349d258f1ca
24da0e7a-490d-4a68-b7c7-678a1e10fd37
75d4240a-06d6-42b5-8d2e-efd0d7814040
1ceb0b06-dc15-4c8d-bb18-648aecf08a15
97798596-7f7a-4459-a34f-f70712b75464
f1148e9f-0092-40d8-9fca-74f8fd1c132d
bcdf493d-a70c-4dbe-9fa9-0869f60bf173
4f2ba9ed-c90d-4349-b940-d2419f1507b3
f4cbf963-ea60-4a7b-b5e9-1ed3d803f1df
e90031bf-73f1-4948-869f-c02f8baa9463
324c40e4-94d0-4b28-8d31-3b7cbe2555fe
e324aa3d-7161-4183-8567-0bdb8e3cda43
5fe44108-be38-4371-a848-7b593d5fbace
a3266ae6-802d-4961-8939-d3ed85c695ba
82f6d8ee-c660-4b80-9398-443d40dbcaa5
992b6714-c170-44d2-aac1-b79293e16cbd
f27bb5a3-954c-4cd4-80d2-3c16f49d6595
77296bf7-2f67-4789-b44c-38cbf20f9216
d60c188e-5c50-48ab-be99-94807d3e9c3e
1aa17d99-4d78-4f14-a13f-7a03c32ab2b7
cfe39ee0-39ef-4bd4-b4a1-ad2b7237559f
bad2adb7-67d6-4347-97c0-ee3da72a5382
b5e59f36-438c-4d74-9fe0-d2cf9831dbb7
14b73164-5ce3-4621-b610-c486cc77a5e1
de753451-eba0-42c4-b60b-ddde5fcec2a6
a701ceb5-0d30-4af7-9e1f-c1dcf8a4d548
f5b40aca-01cd-4869-8ce5-8a0df8882be5
ff3301bb-1d07-4832-a9c3-ced1e4274ace
7e34a1bd-f37b-4ed5-b40d-3f1be90dfe17
8911a46a-0efc-431b-b919-522dac8cd8ee
2e05eb72-0aaf-4f78-a192-d5e9249780b8
74777ea8-d32f-415e-bc0c-c4e030c7df3c
88c88f4a-58c8-4156-a444-acb05a6551f5
e4d50cae-b1aa-414c-a9bf-d9d7e0444465
8ab32866-e96a-46d1-b18a-40d7d1ed4e97
be603a87-1e00-4294-849f-f33b181182d5
55e19e2b-c297-40bb-8d90-58862dccbc80
6ca0b1e1-c270-4d8c-a084-568682547248
8a949191-99d9-468e-bdd8-c48882a5d7b3
77d4f40e-aa47-4276-87c8-8297b480774d
69fa8d97-3624-4eac-bf54-89239ec43230
3f11390f-b567-4f3a-9a75-08104d13293d
f9a30171-dc9d-4d6d-889d-c37abfa89e4a
b19cea2f-13ad-49a6-9b72-098e7b3f94c6
1f8cd1e0-89d4-4084-9b19-03ad610cefd3
9369589e-edc6-475e-9083-a3925daf5679
c205b18d-9ed8-437a-b76f-30af6b725557
1f2d369e-f245-4a06-8ee8-7c62a5d7a5be
79cefbdb-94e8-408c-9011-7fc7cf2675cc
5c83eb86-8fca-4fd9-b8d9-6edcb1e00086
f7ac9fd8-95fb-41e6-812c-6811d7aa9ad5
0bb4c494-764d-419f-9e99-b16efb019e4f
1c364866-0243-4d99-af15-1e54651bc94e
c78ad2e4-e985-4a8e-b324-b66b7d67706f
3f4c7dec-a457-4b70-8bfd-31b544d227f7
cc865593-55e8-4a4e-a17b-93bece573867
5a031c13-9985-42f4-a936-342ac01e965c
e63daebc-a970-4237-a0d4-cdfed6ac307f
a5cca216-51d7-4fa8-bbe5-cf428e224eee
021fa1ae-eafd-47da-8c84-b0accc71c87c
0d6f9a11-d52b-40c5-9f34-a6c48a0ae61c
7aa53929-9c54-4a63-b433-1794b372177f
5c86fdac-8c25-4dd8-9474-810863f39e90
b5d5f156-edb1-42b2-a0ca-463b54f445ac
c40e764a-8606-4658-81a0-224f3cee3f28
dcf91e4b-561e-4e41-829c-96deb8f66eca
85bd406b-4219-475b-9eff-f9e0cdaa4ffc
3200eda9-713c-489f-8f40-6a3437660157
82283402-66fe-47d1-a82b-55edbca24bb1
66264239-31e3-4608-b0f2-76c11960210a
3d795786-c94f-4862-a5d4-5b6e44323fb0
9e7b8e3d-3c65-4da7-a484-0488b0ca8993
c3253be6-3821-40ac-89ac-319b12fe1989
e9d6a341-af1e-4b2e-a0d2-18763348bcf2
5ee85839-2360-4c14-8280-d1f354e493f3
0112be1e-f7f9-4399-b277-be1528d5b838
eb9f543f-a363-49dd-b4a1-de501b1ce7f7
d9a0a2bc-a07e-495e-bdd2-c05677309680
066b3596-68e1-4760-abaf-c3ddbcea2a1f
2772de4b-a88c-4e56-b23f-422ef6024e83
f07d6897-0289-42a2-8aef-409036e7a285
027476af-a4c7-4cf8-a8ad-3f001192c3a1
c4f39f58-ffd0-4273-8257-d6d30370ea45
72179eca-7da7-49a5-a322-981a8b42bbc3
3e285bfe-ae09-4ae0-a288-c23f4f284533
1cd6f95c-3b4c-448c-a266-b747a27eeb54
07b845dc-65f6-4a27-914a-c11b35be7b38
2ba949d2-65ee-4f7c-8a35-330ce8b86594
ced81575-92d2-47ea-92ae-5c88daa62546
105a3f26-199f-4e11-b787-63440703b553
89ec6f14-93fd-4044-85e1-3a91eda6e5d2
ff226900-f45c-42b3-906c-38427800f30f
689ba23c-190f-4e77-9649-9068c5c434e3
b5492478-ac22-4d52-8f92-7dbe164b81af
0ab5e278-579e-4b01-b608-3d8bcdd217d8
ab5b6fb0-196b-46b9-8692-b29504ff84e4
676e5094-270c-4e24-a916-5bf19951955e
c8c335f0-d378-4822-91a8-88a5954d4324
a2e8b789-b09e-4408-be07-ddbdafbd03de
4bb7bfc3-7150-4e88-90db-0cc8c7579c72
4d6b334e-328e-47e2-8b25-9f88bda48ed9
2273f167-de64-43ae-bd34-4cf91f63a1f1
f87f6d62-4322-46fb-b3b9-5309aae8b994
9b5a0148-6ab2-4635-a81a-05449dbc1a32
e70c2c23-6b30-4dda-a642-c3e47ac59c60
055df0ec-696a-4671-9431-ab15a872d5ba
dbe970da-2507-4a27-8380-3aa563908472
ed80e873-b047-44ab-b8e9-e6de3dc3f73f
93c16145-69f0-455b-96d9-fe5c89043b85
85421cc0-8ff9-43c4-9ea6-62a3dfbc5ba2
584b54b2-458b-46c9-b6d1-de961d15a275
dede01a7-e905-482f-9ed0-0b38874ba087
7e24244f-62f4-47ab-b3f2-74948b3ed99c
d2a9bece-ea41-4e9a-841c-02fe212e943e
ef393d50-88c1-4626-a3d6-a4338ff8cbd3
49c80be3-251e-47cb-a579-63a3f21da451
c62cdf33-c981-4679-aa6e-88138f910262
ed7c3283-fc9e-406a-8e10-57dbddbc8385
ab35a6b0-2eef-4740-a6ab-a525188f3fb1
ab17597b-788d-461f-821b-9d71002c49fa
bc3965ae-b11f-4e79-9f7f-4232acebb2b6
54f8c544-f7d1-41de-88aa-e1e26b0ea61d
7d485589-8585-43c6-870a-ce91645cf991
994a9604-1d12-4574-976a-050f70ff58ea
512cff04-cb3c-4985-86d8-3d37efc90892
5ca577b2-152e-4529-b058-3e91b4749d04
e01085e9-353b-4187-97f4-b6456510e1fd
7dc6d56a-3e20-4235-8224-f909b3629d05
107bbd15-1ed1-407a-8590-07711298875e
94b24333-c083-4fad-954a-399566e958fb
cd312ac4-c322-450a-881f-ad780c978add
07f2c4d9-c950-4cc0-a41d-af9e045daf97
0ded49d1-6aaa-428a-9bb8-d103e490ace1
f17c75da-3210-4f97-9474-a90b11e02a61
30fa8ce1-b754-4cd6-805f-d44562edadb7
025cc52c-6655-4fb1-88d6-aedd2a54aa3c
b24a6656-b6b7-4119-aefb-3cfd791288a7
ccc6fa5a-ab4f-47e2-9b3c-e226b668bbd8
377d1045-0b7e-4663-85d8-04174ac18dd7
3db25472-b891-4e57-aa26-dfe1afb10130
a4846704-a547-4a9e-89d8-007deee73c6a
152775c2-0bed-4334-8dce-02baf70ae614
dddd32ba-a323-48df-98b6-8bd695b1d4db
74c14128-d5cf-4b32-af57-aecf5d1b094b
[...]
2e3701dd-873d-4efe-a114-a29811facd69
1d140fba-a729-4787-8d9e-53f5020020c4
65153239-72dc-4903-bed5-7a5f3aab8dbf
43246bf9-6e2b-4b2a-8865-d2da8624de42
a864a82e-e8b5-45db-bc98-6e3c92079e5b
bd929caf-185b-409b-b0c2-41f43beb9d7d
05115a02-faa8-4b8c-8171-5e0f89381abe
d61d34ae-1fc9-4711-bc2e-1011d74cd1b4
326ae360-7db0-49f5-be17-7c25fda625b3
860dd2da-75ff-42ef-92a2-341dbfee2a0e
34ca6fde-05d7-40a1-836d-8c425f85b448
0ab74e26-1fde-4a65-8f45-f784a0e2f5e2
249ca8d9-ee96-4e5d-b00d-d1b3adaa76a0
b242f34e-15e6-417b-adf0-828c08030c7e
6aa5f38b-53ef-4b10-b0f9-33503d3a6ebb
f8d662e4-052b-46b8-b02a-31138abe5de6
e4e6401c-9c32-4a9b-b7c5-1391ff5d2484
4026fd2e-57b6-4281-9ff4-71333274cdda
81366511-1ced-41b9-a888-2a235bb58cd7
6d373a46-5999-424e-8fb7-9001c902fba0
d8b1706f-9764-4935-8d3f-012ebb1b1f52
717d7117-798e-4a56-bcd7-fa3661092135
4118a288-3410-4bc9-82c6-986d448510c8
63824dfa-0398-40b7-a43e-8be9df8f8c36
76698e20-14be-4875-bc1c-a10b8e7bdbb0
2b1eb5b9-73e3-4d41-b03d-387a3f392f48
591323bc-218b-46a3-b96f-3eef319ac001
cf4e8bf8-13bb-45cb-8e37-1eef202c82fb
b5a5128d-9e8b-423c-807c-3a50510c739c
ea805d6d-a148-453f-8694-c3bd68829f0c
efd6ca57-0973-43d2-81f7-d92a0739ca0d
7b2a6296-7cd1-4975-9907-02cb4f990ad3
3d75a2a1-6aa9-4454-946f-1fe45130e8bb
d8d3a175-e03d-42ce-9c09-aacdb42b0e8f
78cc90f1-b036-446a-8d12-724788cba7bf
477df6ed-e876-40a8-b82d-4c1d24fbe9ef
4f5c40d0-afef-4b0f-8413-5546132cfb01
3c2688bc-8aaf-47fc-89c3-afb7755aa36b
f6fdecf5-a31e-472d-89ab-c1ae23384026
bb6e39fd-5032-4f59-9ea5-e725c5f999cf
4e25ab0c-4f93-45d1-b8d5-89b470d2feab
2b7564c8-b4ed-495e-9b39-5a11094fe301
3ca9c71b-ddce-436c-a780-e67c6c0b2a05
b2cc0984-fd8d-4b6b-b394-a61e2f9ef052
09978e16-53e6-4062-bd3c-965486062828
ca115741-26f5-4b2e-9836-8e4ffcd54dfe
8a344be3-3a6c-47a9-9371-37e4760bff92
eb524beb-c735-473b-937a-934155cb7b40
617c5b5d-c8fc-47a1-bc11-1c50c7d2c501
46fe31d3-f57d-4902-a7b6-a2010bb6f115
fdfc7284-4c1e-458d-a9a8-cde916dd877c
5988ccd1-febd-4db5-82b7-e9069b91a288
a71cd1c5-5c08-48bd-bd28-fe73187a9987
f643d722-fe9e-4624-8f31-029830f15021
209dd112-46e1-4ee2-aade-e68dc530e2ec
82572dc7-8662-40d9-bc1b-6edd1ec80ff1
585d4dbd-aa7a-441f-b67d-b7f65f297424
e5a16e7e-ad90-44a4-a4f3-514cf22fe3bb
ab2342e2-39a0-4481-9f2e-3e7704c93467
7c85c816-a0bb-4ba2-b57b-2d4eea9081c2
fb0e5a22-ebab-459c-bd80-2f70d5199f89
3a0c3d2d-7110-4de8-b5f5-3e2aef609d19
9f71c84e-41ab-499d-adc7-e08392e272f5
cf28a575-c85e-4e79-b13b-f792d777964d
80a06773-107c-4f6f-8bfc-331b0efc33f4
16542242-fc61-4505-8f2d-0eb6f6d47d0c
e5280fc3-6e30-4733-a611-507fa9fcf3ab
9456ab01-66b1-46ae-a6b2-431b1b146a63
091f554e-eb2b-4f0c-a160-ccf75d9e7ceb
27a22006-13cf-4bdc-a9b5-51def7eab9b1
c2b434ab-d4bd-4a34-aa97-dad5e268c0ca
07b5ab78-ae3c-4991-a92b-3a9d68866e32
fec7ee00-35c9-48b5-99e7-91f39c5f8a3c
14f453b5-267e-42df-8a83-cc574257b9fb
262d6c83-342f-4f6c-b10b-18da1dba3767
9dd19110-d5f1-4cb7-abc6-abb1218211c9
fa1d99e7-a611-4402-a42b-7fbffb48b50a
9145b0cb-9d3c-465d-ba29-d47e9b183d6c
8e1e7d80-e739-424e-8860-e3b19702ea83
2f660226-071f-46f1-a0f9-bf7f2e1d9ba5
ec896e40-968e-4839-8e88-233fbb24ba16
a09b0458-d3a9-4f60-90ba-e513baee2550
b13e6cff-3ace-40d6-b1e6-7ac3ec2b583c
966457af-94be-4abc-85ff-d07cb43cb162
655b344e-249b-45c8-9098-4e80e33d0410
28799beb-4ab1-4313-b47e-ec42ee9df623
45c2b74d-e89b-4b84-b7fb-6dc2d74b81ed
5d22df8c-9ed4-4407-85da-7dd4ec4628c4
a92af8a6-926c-4191-8bf1-1257e4bab26b
7044afb7-c71a-4202-9b9a-c689a63ee8b1
6fbf3c2b-49da-434f-a8e7-b2af4a4c5989
19cdd644-2f6b-4ced-8b70-752febe2c655
5022d820-d863-46f4-bc7d-bdd36a299ad7
0b87cc61-3778-47a5-872f-5cb3e05ef08b
36d29fee-93fc-4cca-80a3-4a310ae83a68
a1fa0094-9236-4001-8acf-8e1ef1022d63
ff2e4b82-1b22-44ba-9fd3-2ed705bab17e
b24b7a6f-4d73-44a5-abca-f3deb8235e19
91f0689f-58e5-4ade-bde7-5891ae705639
ab4405c0-ce7b-4786-9839-53850d420fca
a94af738-0241-4eea-a115-218463f0450a
99309274-9112-4ab0-b786-81355d529068
2a684f7b-2817-4309-b0d6-c98908567bca
bfb66bd6-e2eb-4724-916e-d8c64eac4c5f
b0af7ea6-03bf-4c2c-8fc3-3f0a0cb18a5e
effc13cf-76e3-4166-a996-b04485bbbf46
91f6bf8e-403c-48f5-947c-77a5fa7d1334
b8429d67-4d65-41b7-b3b2-7bfb7517ca82
08288187-ad75-432e-a0c4-6753804e1e24
414b68ff-783c-40a4-a426-b5d3a16ea5cd
346596df-a52a-4e82-bb0e-84f9da88d6ff
8b31be82-3672-40eb-b8e3-93c76cc6d620
1a30cf52-2e2f-49b2-bf6c-bcfd4344fa24
98e5f106-59bd-4c7b-b47e-48d1611822e9
4968b594-a8cf-44d8-97d5-c6ce4a3cb393
10076dd2-b980-42ae-9509-3bf79f19b76f
89f82403-2de3-4b99-87e5-20edd8179c04
d2bfc229-d119-4ba2-8759-8a2324db5e83
ea7a13e5-43f2-4aae-a97c-088bb0011e57
59896b46-e289-4524-b942-09fc0f125de2
b30a6e82-6bf3-47f8-8490-73f4110b71d2
5ae7ffa4-c91e-45f4-b8e3-669f05caab32
55216699-346a-4c2b-a321-9e7e96c7f724
f5bb5921-c6a9-454a-8519-a9174529204b
91fad9ab-c8de-46b0-9429-0c47edea33bd
443814ff-5b9b-4898-bc46-0efc2b70a000
58690bd2-45c7-426d-b760-b78611c4d360
986b5e4c-dc99-43f1-9f93-69a0a1a52455
4f1f40dc-31b0-42f0-a1ed-847b66a4d165
adf291ce-b428-4747-9670-c0dfcde00c05
e5c8662d-d034-449e-935d-64803145882e
8822cccf-ceff-45ab-bac6-0f63bfb42c7a
8add3824-5428-4acb-bb0d-c7b92473a3d1
48f0557c-9033-4139-919f-8620eee314d9
c7164693-c017-4314-abf0-174a82982d46
4b01da2d-cf80-46ac-bf71-0eb45208e94d
f99240cf-1bcf-40cb-82b7-8984aa4c8906
7ace2503-46a1-4008-99b9-865bb6ff2291
7cfd750c-da90-4717-93c7-3696b21122a3
d0248bee-7c51-4cb3-92d7-ce8646b4efb7
a4b79f28-72d3-4f46-9d22-15df15af558a
e243b1b2-847e-4cea-b8dc-7fee864c53aa
3f6f4abc-29ca-4dd4-bde7-fde3bdd3b393
b0c896fb-acac-4bd4-9aad-392d78cc7fa9
a900df18-098a-47ea-8d9d-a4e7ec41586d
9519d292-a0c6-4492-bed5-2a7cc549f102
b56afe1a-52a7-4596-b205-37f44665d797
465fb424-8cd4-49dd-8eba-1dbc27cab8fb
7974e45d-eb58-4a21-a94d-68ef5886fad3
772b56b2-1a97-48f9-b616-f9b509c0c821
abe51dc5-8105-46c5-95a2-2e539f56c4aa
79fdf8e0-6b8f-4560-bca7-0b62aa45021c
913a763b-7c6f-4925-af99-0f9d14718e25
ffb284a2-0384-4a88-bfb2-9b2e60398669
58bbfa09-c4a9-461f-9b3e-c454ef73d318
416c8eea-cd3b-4872-a984-3c0899e816a3
91f4d9cd-c4c8-4c05-baaa-1f575f463348
6ce4ca99-9ccf-40f4-9162-be5d12895d60
bd11a673-54ab-47e0-8a6e-90e8c7206a7f
800960c5-ffe3-4b32-8ffe-283caf62eaf8
155f0f46-fd01-44ef-b5e9-7ef316218e22
be2dc7bf-1cd7-4372-9929-b7c8a61e6bf4
b1f303df-da3b-4883-ad6b-f9f61fca6432
cc966097-a95f-4e6d-b529-3d94c0600e3d
36d0a5c7-7fbf-4953-b155-e18c4e8b8526
5d3c4b1f-f95f-4eda-9511-8a6958ae12c6
44326bbb-9826-49ec-a694-d478709b1759
4b03b3e7-c788-4dc4-aa23-4b9779b8fef2
076a45f3-09d9-4826-ad6f-9c2730edb7bd
cf08ed72-fff7-4835-a3ee-2851b07996d3
cb0ef803-a01e-4244-bb09-4862eff44edb
90300280-d7dc-4459-88f9-d91358087544
300a58d9-2046-4a1c-b25b-4e65d621b5ca
51d99e0d-d503-47df-9902-1c2e4a313438
77f9c0c1-1398-4574-ade6-180c5728d12f
2bb69a4f-9b95-465a-a258-eabbfaf9d88a
037ea9d8-a055-4ac2-9652-6aecb62f7f6b
d6bbaf67-baf6-4d68-b956-c02175346eef
ab1d89fe-1a35-4f20-adf0-f3fc6e2df549
c7320b4f-802a-4eaa-933a-883178af62f9
7b502548-3d31-415e-a798-8cb899fbbc98
d793d78e-a78e-4ccd-be5d-8f48da4c1ca3
54f6af56-d37f-47a1-918b-46ccb3b2e0e6
1e576862-1b54-4ee5-9932-6e78b17f6823
9466adfb-38aa-4818-a35e-e3b985828ed6
de85b999-6e0d-4648-8ac1-eb0dc2b9614e
dde64f60-dead-4fca-bca0-1f4f4c831689
db406fdc-8e50-46c7-b412-314a1585e1a9
f99deb0b-87f2-4d73-bf84-29771c8edc45
94899b82-ccfb-4664-bf54-7ba5c678f69a
14fad47a-82c1-4f13-a042-bb300a6debc0
eba3a37a-1184-4553-899d-f3cbcb66b7ad
899f48bb-1236-4000-8510-421f65ba868b
dc19af46-deec-4b40-9ce1-29b41adc68c5
f0e63d83-bf5a-497a-abf6-2b21066ab46e
16cbda2c-b57c-492d-b0c2-9db830b1a460
d2ae74e5-b0cf-4a42-9ce7-250e8e7b86b5
b75e9e8e-422a-4ec9-84b7-2502e9108c99
6c96b0f6-ccd0-47f1-ba4f-7e5d6e7c5689
58c5b942-ee33-4155-bdcb-a43fa69263a2
10c2a2ae-b47f-423c-9f31-9cb7a45a77c6
67515bfe-c6c8-433e-93ee-19c1b495a0d0
e62f0d9c-8508-4f9e-8a7c-2332d51748a8
48f90acf-8304-45c9-bc78-eb8d686c2bab
47d1c3de-c3dd-4568-92a6-a5038319bbde
19dcd01c-9578-4395-b181-12fb3e9af945
7919b6e3-9821-44ad-b1d5-8d33180e2dce
97a6e346-7f16-4854-a51d-a790c32ca892
bec8ba0c-ff68-4913-b093-db248c33c7c9
2bcb896f-3ca6-4f7b-88b6-7ade6054b604
478ecf72-2e80-47fa-8911-126653765813
9fa1b80a-4976-4479-8a1f-196b40ca834c
b49acc43-be32-4d24-a669-2c562685c47a
8ffade3b-7e19-464b-90a0-a83ce405c236
0226b9ae-b2a4-443d-ac26-294d2bcfde41
d6aab477-e2c4-4859-8b8f-22e9fd686358
1c911d04-a383-44d2-bfb4-de5ada6675bc
96a0d703-ea55-4c4a-a1a9-36e46834ca58
50f3b94a-dbc0-4167-9010-5689793e518f
6c8a1c1e-5853-4e46-933d-cf9ced6140ae
870c323b-3f41-452e-a143-22dab827f371
20e829bc-b4f3-4a6f-ad01-88a127ce2133
8405ac98-df95-48e7-8e7d-195b451e497a
c8a3e82c-c1aa-4ffa-9ff0-f9dab2565c34
c3a893c4-faa3-4078-8941-d7c3b81809bc
005d0ec7-cdc4-483c-b80e-a99c947e9a17
4a328179-dd5a-42e7-a974-440bb25ef11e
46b116a1-6ba0-4a25-88fc-6b1cf746d2a8
d3068bf2-b8a8-4a6f-8c1f-5039d213b936
2e660113-e98a-488f-832c-c1c92bfb393d
c39db9a3-8d94-48ad-8d35-b41e453709a1
3d308a22-044c-41a3-870c-e48c5edc2b17
87ef6fb1-ec66-4437-b65f-e3a366e1f208
90118905-8617-441d-857a-ea27faf71a54
57f7332e-12ea-4573-b8b4-9213d8ead3a4
0866a1e4-f8ee-4af4-a733-b6be81e912b9
c19ef454-6289-43f7-96c3-49a36239a47b
a1ca9369-9081-4e89-a960-1596e518978f
5d4322fd-8c9e-4cd1-a8c2-12fbc3da7766
b8469962-ca10-4d71-8982-563ed75ae081
3e142772-4ef8-4b3d-b9ef-b7177942ce07
db973268-08ea-4c34-8e7f-820aae987f7d
b7cf246d-91ac-4ca9-92af-15173071aba5
37e46dce-2a71-46e6-8f00-6d1c60a0fb5a
60fb7e9e-beec-476d-8226-0098e7e75edb
54fae8e2-ba5a-4bfa-a2f8-95a1efcb8e7e
06553e7d-0791-42b0-87b4-855ece3bbda7
132975c4-b4ea-41c3-a5e5-d1cb2d8c43a7
95809feb-51d5-420d-866a-87a3097743b2
e7e8fa62-5a55-42ea-add6-4ca90ef0e79a
28fa852d-bbc8-48b0-9d53-31c2bc00541f
c7a0a18a-d202-400a-a9f0-fb8a069112f9
c68f3b35-e0bb-4e49-be9e-18d4621b16c0
8314fb4b-3f48-44c7-bc6e-bdd75f93f86e
39054d6f-bfd1-4637-a827-8c2d7a1d84a3
b1b9a5c9-7e92-4b9e-a6f4-6c4870e77475
c03087c0-3f41-4201-8443-3b5cfd2755bb
1d98d37e-c160-44c6-a7af-aaabc10c437c
c1d0324e-1426-435f-bc6f-59767e9467a4
97637660-e225-47bd-bf4f-f3da902a0363
1a867802-a8f2-4bb6-a2ca-508fe3e6f3b2
5408df35-6a77-4612-aa02-a5ff54ac4c16
14d76bc8-82b3-4548-be15-8d5bb6db9a38
36c4345a-653c-4cb3-aaab-76b21f444a46
db632f2a-1630-4e89-b1ba-defd1c08e768
8c0fdb6a-41a2-4a51-937f-04212f634d0b
4a17c175-2de8-4df8-9b08-4cc8891d75ce
2cd78ea0-f97e-42d9-bc0b-ed1ba4ee4eb9
686a1508-eee3-4eb5-b650-9dc39469549b
30906af3-f2dd-4f4b-b68d-88a12fcbcac3
c24a8c09-5972-4d40-acf8-e6b7ca289778
7dc1b85c-93e6-4c6e-8fe0-d391d63d5ea4
86b90494-b76b-4b77-8597-e178e92823ff
91b5e8e9-644d-4e2c-9b1f-b12348af90c3
cca00c1a-0f17-4e65-90f4-5d8aad0ec89d
8d84ed19-ffe2-40e5-9778-60ea9d59e2e0
956b111a-54c6-4919-a401-502be085fb04
39784c02-dfcb-4534-91e9-ab51e8879009
ee4e9cf0-7b1e-4d8c-925e-0b4b8ff7227e
ba10d9b7-19eb-4987-8df3-1b08c445f95e
4f413cfd-c628-452c-8d1d-90f88aa1afaf
c1f64d2e-c48d-46fa-aff0-a9265cc0cd8a
f3112493-dec9-4808-a3e5-f672cc9bd8cb
95954c04-5034-4319-8991-f8c8dde52308
36084e44-722e-47ae-99e1-0ce77ea2cd2c
2b680b43-df23-4112-86c0-9ff015d5c3d1
cf769fb3-1624-4cde-98f9-791b5ee73fa5
33430427-aad7-494b-8177-d7843a4c9ca9
86fc9fa9-8d33-4855-a0fb-433190cb7da7
236ca6e3-add3-44f5-b3fc-5b7c0523ebd8
7e2e4016-2bed-41e8-b35a-912b589baefb
4f1d4131-dff2-45dc-ad84-e51f2187f8d5
a5fad587-1326-46bf-9d7c-8d3b18cf6c30
3303497c-68b2-4fce-a7e1-ced31f791de4
b563edd2-b60b-4b16-b953-322fcf46e7d6
c0fdb750-66d1-438f-ac3e-52379246d6e5
f4ca1958-5ad4-45b4-82f1-b05ed2a89957
ba59e990-eaf5-4b27-8bc9-f806fb17250d
d5b2c9fb-7dc4-47ad-a20c-91928d0cf269
ec0e0a2d-287c-466d-8249-d4bd69d572cf
5feb8218-760c-431f-8f4b-42cc30680be6
082ef702-bfa8-454c-a489-08c9a86a20f0
83ea2797-57b8-4db6-a760-ba24f1b1c490
aa9d558a-5e7c-4fef-bf30-bb1ea5aa0440
3d57a949-c08c-40a2-be76-0b4ed900bf88
a978445d-7339-4575-a10f-493d00f5b76f
424925e3-8668-47e9-b29d-4f68bd73d52b
07a4e22c-6bc6-4799-8324-f8ef49890069
c69e8159-198e-4e71-9b6d-afe9ad407519
287711e8-ffb2-4371-939a-33f1ef1ff568
bee1bc95-05d7-4c25-ad9e-2605bf2bc3e2
cc127425-bcff-4e42-95a7-1f218fd1c247
29473130-a325-4889-aa76-b1ba553bbad7
6ddc41b8-2efb-4692-be77-419dbc90151e
3af85a46-4fbf-4841-b8b1-9bbc8fe0caaf
873b37a3-c091-4121-aad2-a6733764b529
a09f5d1f-2fd8-41f0-865f-7e28f1ea6523
0dfa3d2a-2aac-4c40-b568-7ef27fd36f47
b614c85d-25f4-473c-a59f-f3905edf7d7f
3ddd4d95-bf2d-4caf-9552-6eb78a4c7e22
ac85e50b-5a5c-4675-bbe9-01678fb31079
fabe328a-cbec-4550-aee1-273d54dcefbb
ba28347c-a7f8-4523-9535-e6c455aa3084
e804a59f-5750-4fe0-bfb0-44a0bbededa0
81f5ed87-353a-44d8-ba6c-5f43fd8846f6
f153ed58-f55e-48a3-a173-bb3195b22da7
d3a8cc68-c4c4-4a07-8eb1-40cbbfa9aeee
3f11913d-1c26-4981-a722-7cf1d21ae2bd
efadab9a-afad-4a15-be7d-70070e567a5e
5eb3b70e-26e2-4e94-8290-9c415b9293ec
e63a760a-eb1f-4161-9cbe-f3d8a2f580e1
43335509-b8da-4d4b-932d-8b85e7bed430
297ec747-bc9f-4baf-8fef-f238e7c16f0e
2763c3d9-bc3f-45cf-83b6-b49f6d3b490f
35665090-562d-435c-bdea-3f2327a51580
79a12ae2-7072-4957-b218-471be6bd196a
140aebcc-c1dc-44d3-8d39-ee9d26fc65a3
790d88a0-bc70-4af1-ab89-2fee32b11817
963d9364-449b-4643-9f27-b783448bacf8
d1725543-c1fc-47d8-92c7-78acb0265886
1488c26f-2e14-4fa7-9279-75b1a0cea27a
99289f9d-06f4-47e4-877d-70a6648dc450
04f1cfd7-784d-4799-8b37-da25310630dd
bb8d7b70-199f-4838-bd04-a371b552a9cc
b2b2c31b-73c9-4c77-805c-f8df3b70a235
f5f39230-ff49-4c26-bcfe-9060ea624efe
69d7d28b-14b0-420f-83a7-374c1cf8d300
ebfa071f-b4a3-4f1a-9cb3-f5bf11f95b2c
8918d415-a0dd-4654-b6c5-9ef542a84a18
dab54412-eece-49cf-a331-2641ec235fc8
20577da3-ef44-43a2-bcd4-99dafe9b214e
0283adb3-0b2d-4be5-a6a8-935e0b50ffd9
84272826-75b3-42b3-81ad-82fd4d8d0a81
ba66d7ce-4918-441f-a1a4-42cbc4ed9152
fea567cc-b81c-4ca3-9915-d051b1473231
e8e8e3a9-6433-4c64-a192-de75d216bd2e
781632a3-5096-468f-b7d3-c762da10b6e4
8ca73e49-d27a-47ad-81a4-23e0529aba95
34fc17b8-67ab-485a-a72f-293c089296af
497e7e54-e3a9-4278-9f91-b477706a256e
2803d369-539c-4367-ba58-9d806f545680
1bd7a422-e4e4-4a91-ac28-d2b84704ba97
8c8a1ce5-f716-4fca-9409-f6993b66dfa1
f117173a-e5d6-4b44-9bea-595692be400c
9288b29d-6df0-416f-99c3-9c6c9f70cca5
38692e85-b1ce-442b-ae13-9016eaee10f3
8b599e2a-c64f-4017-bf2b-abb6f92ed3ce
004f564a-2fbc-4b71-bddd-6de43d3e0d0d
976a405c-f1d6-4d9b-9395-4f257207adbf
754690ca-ff45-4fe9-9ab1-7f8db4df3e3d
1e3fee90-6831-4349-bd66-0ae108d0874c
4ae2fc15-2974-41fd-a551-cc877ac13be8
5513ca66-cb88-4605-804e-bd558f6f0ef0
fb580476-7874-457c-bdbc-3f6f1f46705a
8e65ce7e-df52-430f-9ed0-0094fa832301
980dc841-bb6c-4a6f-98d3-b327c32a0941
2600563f-f439-44ea-8fc5-cd533e5d74ee
97b36686-db1d-4c98-9cb5-921c8ff9e41e
909a5092-0598-4f92-94e1-85ba4600591e
cca6c5e9-fc13-42df-a2b3-289e7af8ec25
ef4d253f-8d79-482d-97e9-318fc97e4b4e
50c374ec-ca21-4b2f-8147-63f29c942a6b
39e6f51d-6650-4094-b0a1-c903dc4a5f18
0b1e48d4-9397-48da-a92c-e842eed261f9
be760794-2115-4089-b140-3963f3dba4aa
b2bb96ce-22ab-4c92-a09f-cca476efc45c
a6615746-2d97-4a48-969a-43d74f8a1eeb
32d0abb4-0f36-4541-9ae1-693eb85021ef
280c0a65-d3db-4de1-bea0-79b9a53eb7c6
0b6705be-d72f-4c17-98b5-7d184129e810
b614cb19-2cd6-489e-a597-1e6fb73af963
bbcaad55-3175-48df-b0aa-6e6d9c318646
2286cc24-db12-49cb-8072-eb5420617386
2142eb3e-8ad1-47b4-9721-22f26bd7c79a
fd650ec1-b285-4e5f-8ecf-4eda80102b08
6a06243e-eef1-4b73-b528-6fcc4fb67196
3869f7cf-8fdd-40ad-8858-a6b2adb8d869
0fc770b7-1ac7-4d0f-b298-99c0439410fc
3256324e-5ab8-4c6f-bcc6-789680234a7c
6ca3480a-adef-4586-be07-1a0cbfee2713
d540e205-4570-4c3e-9d32-a2ec7e61b5d8
4f529131-991d-4364-b2e8-27873b2be279
72dad852-523d-4ed1-9a09-f11ca70a5650
a44beb0d-119a-4b7d-9a4f-6ba9965e1a61
cb96e7f8-3d45-47ce-97c5-bde624159f45
6f6c30fd-5488-48ed-8174-1ff960063c3f
034fc843-8017-42f8-b773-f48f42bec611
8f22a112-ae45-46ce-a248-b99d1d0719a3
00500026-dd5a-4870-a29f-ba394f76df4e
60e7b3cf-79eb-4312-ba36-160d9f582eb0
ffae5939-8424-4146-a5d9-471a60178950
d046b580-f7db-4713-9ebc-21f716d3908f
9fe6f796-efec-49a1-a783-d914d1b5a28e
05b5d745-30ad-4007-a48a-1263d95416ed
e0d1a895-49e9-45e0-ad68-b7b34ffa5a19
6d8e696e-1b64-4bf1-bf19-bde2df55fc8e
79c4f670-7822-4538-a32f-e16d7aa4c074
8d917ed3-ccd6-4bd8-a48b-b0bc50254c45
96aed085-eb03-49cf-9557-39cf587c9e84
560a5f7e-7150-4668-81b8-000313d0a6fe
65b6fa82-f80f-4c95-8cbd-fdb1b0c2abdc
7488cfef-6ed0-4dd6-8f48-38f86ee63e4f
7b2dc9fa-9b25-4b05-b5c6-49ceade4a3d4
adc3bec1-4256-458d-807f-580e2c9eabb9
473cb764-f0d3-4436-8070-a175bec7e0bd
01ee3968-8223-4948-b0e3-a9fd72e7ada9
889742e8-a631-4b50-845c-488208f240b8
656ad8c1-22df-427e-a304-689fc57e40f2
eb093d59-ff72-4398-86ad-4b3a62f0064a
fc7e7dda-a4de-4091-b87b-57d6c7ccb631
8c1e4403-b354-44c4-9c12-f0d45b66d1bd
aecba1a5-5115-4fec-87d5-c17a734386a3
e769caa8-5e23-4d0d-9d51-238ceaf3baea
cff7e484-09b3-4b9a-ba68-3dd952d3f786
b8636cb8-bf87-4035-83d0-21d0639be16f
48b0c608-e55b-4588-a6f4-ae5d3110be99
750d022a-0446-4848-be76-4995d6bda86d
b2d2f951-c589-4ab4-935a-0d960d41fa58
bc3d959d-5f33-4b2e-8e23-065c92c2fe5c
fcff20c9-b4e2-419b-9942-27ca79616941
0ac38792-52a9-4d75-912a-e6b2406285e7
38f2cb04-5217-4324-b8e8-748acfb816bf
9717d51d-efb6-4319-8be5-4fa198a89e09
da58a626-5535-4863-b8d3-ef9cda9a787c
5addde21-09a3-4655-89b7-ea9c6fa307a4
9a280fd1-db38-4268-95f0-473811a37322
6c7f6c32-616d-41e1-9f3a-01089b53d3e9
7c05c621-ecd6-4b67-8438-72b58ce2bebc
e30ed699-c42b-4ba2-8868-7fa55bb9013d
7710fa3d-90b2-4cf5-8d51-4bb9248ecb90
6b84cc12-d38e-4042-a914-b4e722f3c45f
b9fabca1-a147-49f5-9847-b5ea026044f0
09d441c7-9549-40e3-be0c-9389dd610db1
7cdff01c-46b6-4d39-9cbd-8b04a6a83a9a
33783dc2-9d87-4cf1-b28d-bbe2965482a4
19fe05ee-0dd5-4b7f-9690-623975a23c16
81489582-e6ac-48cc-a206-60f01be20314
49d2ad69-0d8c-4359-b1ea-ce06e1d59606
861c2759-6069-4234-9f56-7a387a09a41f
ba248931-2370-48d7-b3a4-d5f579a700f5
3bc63f6d-5644-4cff-88bc-3ffa490a72ac
61dbcbba-9394-4164-8796-3eb69312be27
5ddeca3c-7ca3-4d5b-85c9-9354e516cf52
4e51f333-6b29-425b-bb8b-05166cdc4953
e30b7f0d-6059-48f5-bc34-e76308f3f9eb
5f264dfd-c1e9-4423-a53c-b7b667cfa3c2
4c6a13fe-0744-44cd-b1ae-2f5a6fba2512
afd7405b-57b2-4d33-8dc4-2ed0f0466cd4
e36ed363-e279-4e22-85d5-d9ca86a58cd6
13076aea-69e0-4d1f-bb3d-fb9c1e6d18e0
a7425784-98e0-401e-826f-db50119b91f4
167626d7-30ae-493c-967f-7c780dd28200
19758c7e-0332-4647-b2b6-1e72ea3aeb56
61a1c574-3fd1-4a74-b6f5-c78ca2adfd5a
7041b401-17cc-4cf6-a047-4dc9e6225038
6b8f10d3-8c1a-48fc-aa8d-21e81ed35f27
4378fb77-7a9d-48e9-a689-4c8596ba1d6f
1a6da11e-58d2-4c97-b652-a3ce55f217b5
98c35311-78ba-4285-a911-8b5b73b6e2d3
270cb21f-ac71-4ab3-abb6-94575a976dd4
db6c8339-3c51-4830-a5c2-220a4f298c4e
b2b1fa49-890d-4492-b509-1d8b0408c60f
58ea490e-5af7-4a9f-a1e0-39faf67ea218
6d8c23bf-ce2c-4aef-a1bf-ae82538124a5
d9f069e6-e286-4c6d-adc3-a2a8d80a8fe9
b95efc0a-eff2-450c-a0e2-2c8d2b21e1e0
8400d3fc-23a7-47d9-8cb2-a5cba7aa4f56
8b4c81cb-cc46-4647-9ef3-fa83e90f38a9
38c2fc6f-d14d-425c-868b-1915d2a76eba
ce05a71a-cffb-49cb-9c45-9cdea20b2ba6
59980f09-2c31-4ead-8b2b-8bce2cf8f4b1
466ca05d-7acf-45a4-866d-96a9ac8e21f6
1902ab8b-0dcd-4b4b-a27f-ea272bad86d4
0d222e5a-55db-4af0-8603-d9ae4179f2eb
ac18f377-d959-428c-a62e-2b5bd1e65ee8
97d09522-ba9b-44c8-b9b3-94b001e05347
4672e237-9859-4505-94c0-e4a349fc2cb7
9bd622a6-9256-4626-9b65-d197fce30f17
cfcec6e3-e617-4c26-abbb-dcbb0bdac6fe
e5870a37-2a11-4344-82b7-38f5a4199530
1bdfd842-c976-4b18-aa2f-ee60a38cdcf6
fbe439c9-a064-4252-b5e6-f2dcb384ca71
f9e2278d-9ee1-4f99-9d9a-82d20ca48b28
1d0e757c-9dd1-461e-92ab-f69e40f6a49b
0ac0490e-609b-4328-b91d-f41385999270
137b9ee9-7d75-431f-a48e-b1c73353e853
d28a7823-6594-4acf-be3b-92d94b3376cd
c22e3484-4fa5-4ff1-aa67-9086945cff91
2f50cf66-66e5-4b37-9594-159e85b04eb6
a90866d2-9321-4c1b-9dc5-1987ed00ce30
f8137dcc-81fb-49a9-8a8f-bd60a137a58f
d1710050-7c98-44ac-9edf-930da5fd2955
abacf629-9cf4-4f8a-bdeb-65d77645b3b8
8d8bf8e8-5629-4c10-9b74-2ee5e610f0bd
66c52948-47d5-4c4c-8c3c-33224a0a2376
1aac57eb-c6be-46d3-9e5b-916debf92836
6d123681-b9cb-45cc-b985-3f15b1ce41a3
d3c29ebb-7360-4223-bad2-ce78f26b1061
6f5c1bb8-0cc4-4e9a-9eef-5b4a4812d442
906995a0-5467-4eda-acaf-c1ec3c417fe6
acf27e4d-b4e0-4e18-b413-a92f1353b295
b940560f-fd7e-4ceb-b782-72dacc2b41ce
12f92017-3c1e-409d-8db2-69580c376c2a
aef3c8ce-21e9-4f5f-bb38-929428150646
605af43b-083b-4496-90f2-1e88dee57fa3
ad9cb6ec-7151-44c3-85bf-986654a0fa53
bfc5043e-7317-453b-81ee-23c19c09c861
c7128cd8-1dd4-4256-ad78-f232e7e547b3
c4524d4c-606c-4cce-88f8-7523429c82f1
9334e760-b6a1-40e7-91ed-57e61f072a5f
f54322b3-cc4c-48b3-863f-2a176626053a
5ef9f7bd-8cd3-42eb-84dd-efe5f0e5f20e
b0d87ba5-d7e2-4608-ba88-1bbfbe9fbaee
bfa9cbe0-ec11-47ef-b2b6-e2a8e5ad28a3
7e7a67e4-c502-4778-886f-97a377f3e63a
89e308a7-76f1-499d-a141-b783859df991
721c4c48-b779-42dd-b011-ffd4a14e8664
ff979de4-6287-45aa-8113-74e57cbb931d
ab7cb355-a058-4e60-8be3-c273f605f332
]]></system-out>
  </testcase>
</testsuite>